11:15:22    1111 --> ...                                              [tcl] ucliGUI::start /project/chriskim01/chipfab/rare23/Genus/fullchip/core/vco/simv -ucligui 
11:15:22    1112 --> ...                                                  [tcl] set ucliGUI::state
11:15:22    1113 --> ...                                                      [tcl] gui_update_simulator_buttons
11:15:23    1114 --> ...                                                          [tcl] set ucliGUI::state
11:15:23    1115 --> ...                                                              [tcl] ucliCore::getToolPID
11:15:23    1116 --> ...                                                                  [tcl] synopsys::env hasTB
11:15:23    1117 --> ...                                                                      [tcl] trigger_hier_stack_context_switch 0
11:15:23    1118 --> ...                                                                          [tcl] synUtils::setDVEInitPhase 1
11:15:23    1119 --> ...                                                                              [tcl] gui_get_env SIMSETUP::SIMVPD
11:15:23    1120 --> ...                                                                                  [tcl] synopsys::dump -type VPD -file /project/chriskim01/chipfab/rare23/Genus/fullchip/core/vco/inter.vpd -locking
11:15:23    1121 --> ...                                                                                      [tcl] synopsys::dump -autoflush on -fid VPD7
11:15:23    1122 --> ...                                                                                          [tcl] set ::dve_fid VPD7
11:15:23    1123 --> ...                                                                                              [tcl] synUtils::setDVEInitPhase 0
11:15:23    1124 --> ...                                                                                                  [tcl] ucliCore::getToolPID
11:15:23    1125 --> ...  [tcl] synUtils::sendTool -active _icl_setToolSocket /tmp/smlnpsMRbDO
11:15:23    1126 --> ...      [tcl] synUtils::sendTool -active {_icl_start_rpc -version "N-2017.12-1" -sync_file /tmp/vcs_dve_rpc.chipfab.200788}
11:15:23    1127 --> ...          [tcl] synUtils::sendTool -active {_icl_createSharedMemory /tmp/vcs_dve_general.chipfab.200788}
11:15:23    1128 --> ...              [tcl] config endofsim noexit
11:15:23    1129 --> ...                  [tcl] config onfail enable all
11:15:23    1130 --> ...                      [tcl] config syscaddplainmembers
11:15:23    1131 --> ...                          [tcl] config syscaddsourcenames
11:15:23    1132 --> ...                              [tcl] config syscaddstructtypes
11:15:23    1133 --> ...                                  [tcl] synopsys::listing -disable
11:15:23    1134 --> ...                                      [tcl] # Begin_DVE_Session_Save_Info
11:15:23    1135 --> ...                                          [tcl] # DVE restart session
11:15:23    1136 --> ...                                              [tcl] # Saved on Sun Nov 5 11:15:21 2023
11:15:23    1137 --> ...                                                  [tcl] # Designs open: 1
11:15:23    1138 --> ...                                                      [tcl] #   Sim: /project/chriskim01/chipfab/rare23/Genus/fullchip/core/vco/simv
11:15:23    1139 --> ...                                                          [tcl] # Toplevel windows open: 2
11:15:23    1140 --> ...                                                              [tcl] # 	TopLevel.1
11:15:23    1141 --> ...                                                                  [tcl] # 	TopLevel.2
11:15:23    1142 --> ...                                                                      [tcl] #   Source.1: testbench
11:15:23    1143 --> ...                                                                          [tcl] #   Wave.1: 10 signals
11:15:23    1144 --> ...                                                                              [tcl] #   Group count = 1
11:15:23    1145 --> ...                                                                                  [tcl] #   Group Group1 signal count = 10
11:15:23    1146 --> ...                                                                                      [tcl] # End_DVE_Session_Save_Info
11:15:23    1147 --> ...                                                                                          [tcl] # DVE version: N-2017.12-1
11:15:23    1148 --> ...                                                                                              [tcl] # DVE build date: Jan 18 2018 21:27:20
11:15:23    1149 --> ...                                                                                                  [tcl] #<Session mode="Restart" path=".restartSimSession.tcl" type="Debug">
11:15:23    1150 --> ...  [tcl] gui_set_loading_session_type Restart
11:15:23    1151 --> ...      [tcl] gui_continuetime_set
11:15:23    1152 --> ...          [tcl] gui_clear_window -type Wave
11:15:23    1153 --> ...              [tcl] gui_clear_window -type List
11:15:23    1154 --> ...                  [tcl] # Application preferences
11:15:23    1155 --> ...                      [tcl] gui_set_pref_value -key app_default_font -value {Helvetica,10,-1,5,50,0,0,0,0,0}
11:15:23    1156 --> ...                          [tcl] gui_src_preferences -tabstop 8 -maxbits 24 -windownumber 1
11:15:23    1157 --> ...                              [tcl] #<WindowLayout>
11:15:23    1158 --> ...                                  [tcl] # DVE top-level session
11:15:23    1159 --> ...                                      [tcl] # Create and position top-level window: TopLevel.1
11:15:23    1160 --> ...                                          [tcl] set TopLevel.1 TopLevel.1
11:15:23    1161 --> ...                                              [tcl] # Docked window settings
11:15:23    1162 --> ...                                                  [tcl] set HSPane.1 HSPane.1
11:15:23    1163 --> ...                                                      [tcl] set Hier.1 Hier.1
11:15:23    1164 --> ...                                                          [tcl] set DLPane.1 DLPane.1
11:15:23    1165 --> ...                                                              [tcl] set Data.1 Data.1
11:15:23    1166 --> ...                                                                  [tcl] set Console.1 Console.1
11:15:23    1167 --> ...                                                                      [tcl] gui_sync_global -id ${TopLevel.1} -option true
11:15:23    1168 --> ...                                                                          [tcl] # MDI window settings
11:15:23    1169 --> ...                                                                              [tcl] set Source.1 Source.1
11:15:23    1170 --> ...                                                                                  [tcl] gui_update_layout -id ${Source.1} {{show_state maximized} {dock_state undocked} {dock_on_new_line false}}
11:15:23    1171 --> ...                                                                                      [tcl] # End MDI window settings
11:15:23    1172 --> ...                                                                                          [tcl] # Create and position top-level window: TopLevel.2
11:15:23    1173 --> ...                                                                                              [tcl] set TopLevel.2 TopLevel.2
11:15:23    1174 --> ...                                                                                                  [tcl] # Docked window settings
11:15:23    1175 --> ...  [tcl] gui_sync_global -id ${TopLevel.2} -option true
11:15:23    1176 --> ...      [tcl] # MDI window settings
11:15:23    1177 --> ...          [tcl] set Wave.1 Wave.1
11:15:23    1178 --> ...              [tcl] gui_update_layout -id ${Wave.1} {{show_state maximized} {dock_state undocked} {dock_on_new_line false} {child_wave_left 336} {child_wave_right 628} {child_wave_colname 189} {child_wave_colvalue 143} {child_wave_col1 0} {child_wave_col2 1}}
11:15:23    1179 --> ...                  [tcl] # End MDI window settings
11:15:23    1180 --> ...                      [tcl] #</WindowLayout>
11:15:23    1181 --> ...                          [tcl] #<Database>
11:15:23    1182 --> ...                              [tcl] gui_set_precision 1ps
11:15:23    1183 --> ...                                  [tcl] gui_set_time_units 1ps
11:15:23    1184 --> ...                                      [tcl] #</Database>
11:15:23    1185 --> ...                                          [tcl] # DVE Global setting session:
11:15:23    1186 --> ...                                              [tcl] # Global: Breakpoints
11:15:23    1187 --> ...                                                  [tcl] # Global: Bus
11:15:23    1188 --> ...                                                      [tcl] # Global: Expressions
11:15:23    1189 --> ...                                                          [tcl] # Global: Signal Time Shift
11:15:23    1190 --> ...                                                              [tcl] # Global: Signal Compare
11:15:23    1191 --> ...                                                                  [tcl] # Global: Signal Groups
11:15:23    1192 --> ...                                                                      [tcl] gui_load_child_values {testbench.DUT2}
11:15:23    1193 --> ...                                                                          [tcl] synopsys::dump -add {testbench.DUT2} -scope "." -depth 1 -fid VPD7
11:15:24    1194 --> ...                                                                              [tcl] set _session_group_7 Group1
11:15:24    1195 --> ...                                                                                  [tcl] gui_sg_create "$_session_group_7"
11:15:24    1196 --> ...                                                                                      [tcl] set Group1 "$_session_group_7"
11:15:24    1197 --> ...                                                                                          [tcl] gui_sg_addsignal -group "$_session_group_7" { testbench.DUT2.RESETB testbench.DUT2.LOAD testbench.DUT2.EN_VCO testbench.DUT2.CLK_KILL testbench.DUT2.VCO_DIV_SEL testbench.DUT2.PAD_OUT testbench.DUT2.AC_STRESS_CLK testbench.DUT2.BEFORE_DIVIDER testbench.DUT2.FREQ_DIV_OUT testbench.DUT2.freq_div_12b.DIV_OUT }
11:15:24    1198 --> ...                                                                                              [tcl] # Global: Highlighting
11:15:24    1199 --> ...                                                                                                  [tcl] # Global: Stack
11:15:24    1200 --> ...  [tcl] gui_change_stack_mode -mode list
11:15:24    1201 --> ...      [tcl] # Post database loading setting...
11:15:24    1202 --> ...          [tcl] # Save global setting...
11:15:24    1203 --> ...              [tcl] # Wave/List view global setting
11:15:24    1204 --> ...                  [tcl] gui_cov_show_value -switch false
11:15:24    1205 --> ...                      [tcl] # Close all empty TopLevel windows
11:15:24    1206 --> ...                          [tcl] foreach __top [gui_ekki_get_window_ids -type TopLevel] {     if { [llength [gui_ekki_get_window_ids -parent $__top]] == 0} {         gui_close_window -window $__top     } }
11:15:24    1207 --> ...                              [tcl] gui_set_loading_session_type noSession
11:15:24    1208 --> ...                                  [tcl] # DVE View/pane content session:
11:15:24    1209 --> ...                                      [tcl] # Hier 'Hier.1'
11:15:24    1210 --> ...                                          [tcl] gui_show_window -window ${Hier.1}
11:15:24    1211 --> ...                                              [tcl] gui_list_set_filter -id ${Hier.1} -list { {Package 1} {All 0} {Process 1} {VirtPowSwitch 0} {UnnamedProcess 1} {UDP 0} {Function 1} {Block 1} {SrsnAndSpaCell 0} {OVA Unit 1} {LeafScCell 1} {LeafVlgCell 1} {Interface 1} {LeafVhdCell 1} {$unit 1} {NamedBlock 1} {Task 1} {VlgPackage 1} {ClassDef 1} {VirtIsoCell 0} }
11:15:24    1212 --> ...                                                  [tcl] gui_list_set_filter -id ${Hier.1} -text {*}
11:15:24    1213 --> ...                                                      [tcl] gui_change_design -id ${Hier.1} -design Sim
11:15:24    1214 --> ...                                                          [tcl] catch {gui_list_expand -id ${Hier.1} testbench}
11:15:24    1215 --> ...                                                              [tcl] catch {gui_list_expand -id ${Hier.1} testbench.DUT2}
11:15:24    1216 --> ...                                                                  [tcl] catch {gui_list_select -id ${Hier.1} {testbench.DUT2.freq_div_12b}}
11:15:24    1217 --> ...                                                                      [tcl] dveMisc::vbusExpand testbench.DUT2.freq_div_12b
11:15:24    1218 --> ...                                                                          [tcl] gui_view_scroll -id ${Hier.1} -vertical -set 21844
11:15:24    1219 --> ...                                                                              [tcl] gui_view_scroll -id ${Hier.1} -horizontal -set 0
11:15:24    1220 --> ...                                                                                  [tcl] # Data 'Data.1'
11:15:24    1221 --> ...                                                                                      [tcl] gui_list_set_filter -id ${Data.1} -list { {Buffer 1} {Input 1} {Others 1} {Linkage 1} {Output 1} {LowPower 1} {Parameter 1} {All 1} {Aggregate 1} {LibBaseMember 1} {Event 1} {Assertion 1} {Constant 1} {Interface 1} {BaseMembers 1} {Signal 1} {$unit 1} {Inout 1} {Variable 1} }
11:15:24    1222 --> ...                                                                                          [tcl] gui_list_set_filter -id ${Data.1} -text {*}
11:15:24    1223 --> ...                                                                                              [tcl] gui_list_show_data -id ${Data.1} {testbench.DUT2.freq_div_12b}
11:15:24    1224 --> ...                                                                                                  [tcl] gui_show_window -window ${Data.1}
11:15:24    1225 --> ...  [tcl] catch { gui_list_select -id ${Data.1} {testbench.DUT2.freq_div_12b.DIV_OUT }}
11:15:24    1226 --> ...      [tcl] gui_view_scroll -id ${Data.1} -vertical -set 0
11:15:24    1227 --> ...          [tcl] gui_view_scroll -id ${Data.1} -horizontal -set 0
11:15:24    1228 --> ...              [tcl] gui_view_scroll -id ${Hier.1} -vertical -set 21844
11:15:24    1229 --> ...                  [tcl] gui_view_scroll -id ${Hier.1} -horizontal -set 0
11:15:24    1230 --> ...                      [tcl] # Source 'Source.1'
11:15:24    1231 --> ...                          [tcl] gui_src_value_annotate -id ${Source.1} -switch false
11:15:24    1232 --> ...                              [tcl] gui_set_env TOGGLE::VALUEANNOTATE 0
11:15:24    1233 --> ...                                  [tcl] gui_open_source -id ${Source.1}  -replace -active testbench /project/chriskim01/chipfab/rare23/Genus/fullchip/core/vco/testbench.v
11:15:24    1234 --> ...                                      [tcl] gui_src_value_annotate -id ${Source.1} -switch true
11:15:24    1235 --> ...                                          [tcl] ucliGUI::getSignalValues -scope testbench -radix {hexadecimal hexadecimal binary binary binary binary binary binary binary } -list {{VCO_DIV_SEL_r[1:0]} {VCO_DIV_SEL[1:0]} EN_VCO_r EN_VCO CLK_KILL_r CLK_KILL RESETB_r RESETB LOAD_r }
11:15:24    1236 --> ...                                              [tcl] gui_set_env TOGGLE::VALUEANNOTATE 1
11:15:24    1237 --> ...                                                  [tcl] gui_view_scroll -id ${Source.1} -vertical -set 54
11:15:24    1238 --> ...                                                      [tcl] gui_src_set_reusable -id ${Source.1}
11:15:24    1239 --> ...                                                          [tcl] # View 'Wave.1'
11:15:24    1240 --> ...                                                              [tcl] gui_wv_sync -id ${Wave.1} -switch false
11:15:24    1241 --> ...                                                                  [tcl] set groupExD [gui_get_pref_value -category Wave -key exclusiveSG]
11:15:24    1242 --> ...                                                                      [tcl] gui_set_pref_value -category Wave -key exclusiveSG -value {false}
11:15:24    1243 --> ...                                                                          [tcl] set origWaveHeight [gui_get_pref_value -category Wave -key waveRowHeight]
11:15:24    1244 --> ...                                                                              [tcl] gui_list_set_height -id Wave -height 25
11:15:24    1245 --> ...                                                                                  [tcl] set origGroupCreationState [gui_list_create_group_when_add -wave]
11:15:24    1246 --> ...                                                                                      [tcl] gui_list_create_group_when_add -wave -disable
11:15:24    1247 --> ...                                                                                          [tcl] gui_wv_zoom_timerange -id ${Wave.1} 1227806584 1231074357
11:15:24    1248 --> ...                                                                                              [tcl] gui_list_add_group -id ${Wave.1} -after {New Group} {Group1}
11:15:24    1249 --> ...                                                                                                  [tcl] synopsys::dump -add {testbench.DUT2.freq_div_12b.DIV_OUT } -aggregates  -fid VPD7
11:15:24    1250 --> ...  [tcl] gui_list_expand -id ${Wave.1} testbench.DUT2.freq_div_12b.DIV_OUT
11:15:24    1251 --> ...      [tcl] gui_list_select -id ${Wave.1} {testbench.DUT2.LOAD }
11:15:24    1252 --> ...          [tcl] gui_seek_criteria -id ${Wave.1} {Any Edge}
11:15:24    1253 --> ...              [tcl] gui_set_env TOGGLE::DEFAULT_WAVE_WINDOW ${Wave.1}
11:15:24    1254 --> ...                  [tcl] gui_set_pref_value -category Wave -key exclusiveSG -value $groupExD
11:15:24    1255 --> ...                      [tcl] gui_list_set_height -id Wave -height $origWaveHeight
11:15:24    1256 --> ...                          [tcl] if {$origGroupCreationState} { 	gui_list_create_group_when_add -wave -enable }
11:15:24    1257 --> ...                              [tcl] if { $groupExD } {  gui_msg_report -code DVWW028 }
11:15:24    1258 --> ...                                  [tcl] gui_list_set_filter -id ${Wave.1} -list { {Buffer 1} {Input 1} {Others 1} {Linkage 1} {Output 1} {Parameter 1} {All 1} {Aggregate 1} {LibBaseMember 1} {Event 1} {Assertion 1} {Constant 1} {Interface 1} {BaseMembers 1} {Signal 1} {$unit 1} {Inout 1} {Variable 1} }
11:15:24    1259 --> ...                                      [tcl] gui_list_set_filter -id ${Wave.1} -text {*}
11:15:24    1260 --> ...                                          [tcl] gui_list_set_insertion_bar  -id ${Wave.1} -group Group1  -position in
11:15:24    1261 --> ...                                              [tcl] gui_view_scroll -id ${Wave.1} -vertical -set 0
11:15:24    1262 --> ...                                                  [tcl] gui_show_grid -id ${Wave.1} -enable false
11:15:24    1263 --> ...                                                      [tcl] # Restore toplevel window zorder
11:15:24    1264 --> ...                                                          [tcl] # The toplevel window could be closed if it has no view/pane
11:15:24    1265 --> ...                                                              [tcl] if {[gui_exist_window -window ${TopLevel.1}]} { 	gui_set_active_window -window ${TopLevel.1} 	gui_set_active_window -window ${Source.1} 	gui_set_active_window -window ${DLPane.1} }
11:15:24    1266 --> ...                                                                  [tcl] if {[gui_exist_window -window ${TopLevel.2}]} { 	gui_set_active_window -window ${TopLevel.2} 	gui_set_active_window -window ${Wave.1} }
11:15:24    1267 --> ...                                                                      [tcl] #</Session>
11:15:25    1268 --> ...                                                                          [tcl] synopsys::run
11:15:25    1269 --> ...                                                                              [tcl] set ucliGUI::state
11:15:25    1270 --> ...                                                                                  [tcl] gui_update_simulator_buttons
11:15:25    1271 --> ...                                                                                      [tcl] set ucliGUI::state
11:15:25    1272 --> ...                                                                                          [tcl] gui_update_simulator_buttons
11:15:25    1273 --> ...                                                                                              [tcl] set ucliGUI::state
11:15:25    1274 --> ...                                                                                                  [tcl] set ucliGUI::state
11:15:25    1275 --> ...  [tcl] catch {senv activeDomain} dveMisc::result 
11:15:25    1276 --> ...      [tcl] set dveMisc::result
11:15:25    1277 --> ...          [tcl] gui_update_simulator_buttons
11:15:25    1278 --> ...              [tcl] dveMisc::vbusExpand testbench
11:15:25    1279 --> ...                  [tcl] ucliGUI::getSignalValues -scope testbench -radix {hexadecimal hexadecimal binary binary binary binary binary binary binary } -list {{VCO_DIV_SEL_r[1:0]} {VCO_DIV_SEL[1:0]} EN_VCO_r EN_VCO CLK_KILL_r CLK_KILL RESETB_r RESETB LOAD_r }
11:15:26    1280 --> ...                      [tcl] ucliGUI::vpdAddHierarchy -scope testbench -depth 2 -file /project/chriskim01/chipfab/rare23/Genus/fullchip/core/vco/inter.vpd; synopsys::dump -flush VPD7
11:16:32    1281 --> ...                          [tcl] if [catch {gui_sim_terminate}] {gui_sim_terminate -kill}
11:16:32    1282 --> ...                              [tcl] synopsys::finish
11:16:32    1283 --> ...                                  [tcl] set ucliGUI::state
11:16:32    1284 --> ...                                      [tcl] gui_update_simulator_buttons
11:16:32    1285 --> ...                                          [tcl] set ucliGUI::state
11:16:32    1286 --> ...                                              [tcl] catch {senv activeDomain} dveMisc::result 
11:16:32    1287 --> ...                                                  [tcl] set dveMisc::result
11:16:32    1288 --> ...                                                      [tcl] gui_update_simulator_buttons
11:16:32    1289 --> ...                                                          [tcl] catch {senv activeDomain} dveMisc::result 
11:16:32    1290 --> ...                                                              [tcl] set dveMisc::result
11:16:32    1291 --> ...                                                                  [tcl] ucli_exit
