ucliGUI::start /project/chriskim01/chipfab/rare23/Genus/fullchip/core/odometer_stacked/simv -ucligui 
set ucliGUI::state
set ucliGUI::state
ucliCore::getToolPID
synopsys::env hasTB
trigger_hier_stack_context_switch 0
synUtils::setDVEInitPhase 1
synopsys::dump -type VPD -file /project/chriskim01/chipfab/rare23/Genus/fullchip/core/odometer_stacked/inter.vpd -locking
synopsys::dump -autoflush on -fid VPD5
set ::dve_fid VPD5
synUtils::setDVEInitPhase 0
ucliCore::getToolPID
synUtils::sendTool -active _icl_setToolSocket /tmp/smlnppYkd04
synUtils::sendTool -active {_icl_start_rpc -version "N-2017.12-1" -sync_file /tmp/vcs_dve_rpc.chipfab.50576}
synUtils::sendTool -active {_icl_createSharedMemory /tmp/vcs_dve_general.chipfab.50576}
config endofsim noexit
config onfail enable all
config syscaddplainmembers
config syscaddsourcenames
config syscaddstructtypes
synopsys::listing -disable
# Begin_DVE_Session_Save_Info
# DVE restart session
# Saved on Fri Nov 3 21:06:16 2023
# Designs open: 1
#   Sim: /project/chriskim01/chipfab/rare23/Genus/fullchip/core/odometer_stacked/simv
# Toplevel windows open: 2
# 	TopLevel.1
# 	TopLevel.2
#   Source.1: testbench
#   Wave.1: 42 signals
#   Group count = 1
#   Group Group1 signal count = 42
# End_DVE_Session_Save_Info
# DVE version: N-2017.12-1
# DVE build date: Jan 18 2018 21:27:20
#<Session mode="Restart" path=".restartSimSession.tcl" type="Debug">
# Application preferences
#<WindowLayout>
# DVE top-level session
# Create and position top-level window: TopLevel.1
set TopLevel.1 TopLevel.1
# Docked window settings
set HSPane.1 HSPane.1
set Hier.1 Hier.1
set DLPane.1 DLPane.1
set Data.1 Data.1
set Console.1 Console.1
# MDI window settings
set Source.1 Source.1
# End MDI window settings
# Create and position top-level window: TopLevel.2
set TopLevel.2 TopLevel.2
# Docked window settings
# MDI window settings
set Wave.1 Wave.1
# End MDI window settings
#</WindowLayout>
#<Database>
#</Database>
# DVE Global setting session:
# Global: Breakpoints
# Global: Bus
# Global: Expressions
# Global: Signal Time Shift
# Global: Signal Compare
# Global: Signal Groups
synopsys::dump -add {testbench.DUT1.rosc_ref} -scope "." -depth 1 -fid VPD5
synopsys::dump -add {testbench.DUT1.rosc_stress} -scope "." -depth 1 -fid VPD5
set _session_group_5 Group1
set Group1 "$_session_group_5"
# Global: Highlighting
# Global: Stack
# Post database loading setting...
# Save global setting...
# Wave/List view global setting
# Close all empty TopLevel windows
foreach __top [gui_ekki_get_window_ids -type TopLevel] {     if { [llength [gui_ekki_get_window_ids -parent $__top]] == 0} {         gui_close_window -window $__top     } }
# DVE View/pane content session:
# Hier 'Hier.1'
catch {gui_list_expand -id ${Hier.1} testbench}
catch {gui_list_select -id ${Hier.1} {testbench.DUT1}}
# Data 'Data.1'
catch { gui_list_select -id ${Data.1} {testbench.DUT1.BF_COUNT }}
# Source 'Source.1'
ucliGUI::getSignalValues -scope testbench -radix {hexadecimal hexadecimal binary binary binary binary binary binary binary binary } -list {{VCO_DIV_SEL_r[1:0]} {VCO_DIV_SEL[1:0]} EN_VCO_r EN_VCO CLK_KILL_r CLK_KILL START_r START AC_DC_r AC_DC }
# View 'Wave.1'
set groupExD [gui_get_pref_value -category Wave -key exclusiveSG]
set origWaveHeight [gui_get_pref_value -category Wave -key waveRowHeight]
set origGroupCreationState [gui_list_create_group_when_add -wave]
synopsys::dump -add {testbench.DUT1.AC_DC testbench.DUT1.AC_DC_LATCHED testbench.DUT1.AC_STRESS_CLK testbench.DUT1.BF_COUNT testbench.DUT1.EN_ROSC testbench.DUT1.LOAD testbench.DUT1.MEAS_STRESS testbench.DUT1.MEAS_TRIG testbench.DUT1.RESETB testbench.DUT1.ROSC_REF_OUT testbench.DUT1.ROSC_STRESS_OUT testbench.DUT1.SEL_INV101 testbench.DUT1.SEL_INV101_LATCHED testbench.DUT1.SEL_INV97 testbench.DUT1.SEL_INV97_LATCHED testbench.DUT1.SEL_INV99 testbench.DUT1.SEL_INV99_LATCHED testbench.DUT1.START testbench.DUT1.START_LATCHED testbench.DUT1.odometer_top_DETECT testbench.DUT1.odometer_top_MEAS_DONE testbench.DUT1.odometer_top_PC_OUT testbench.DUT1.odometer_top_odometer_meas_detect_inst.DEADZONE_COUNTER_MSB testbench.DUT1.odometer_top_odometer_meas_detect_inst.DEADZONE_ESCAPE_COUNTER } -aggregates  -fid VPD5
if {$origGroupCreationState} { 	gui_list_create_group_when_add -wave -enable }
if { $groupExD } {  gui_msg_report -code DVWW028 }
# Restore toplevel window zorder
# The toplevel window could be closed if it has no view/pane
if {[gui_exist_window -window ${TopLevel.1}]} { 	gui_set_active_window -window ${TopLevel.1} 	gui_set_active_window -window ${Source.1} 	gui_set_active_window -window ${DLPane.1} }
if {[gui_exist_window -window ${TopLevel.2}]} { 	gui_set_active_window -window ${TopLevel.2} 	gui_set_active_window -window ${Wave.1} }
#</Session>
synopsys::run
set ucliGUI::state
set ucliGUI::state
set ucliGUI::state
set ucliGUI::state
ucliGUI::getSignalValues -scope testbench -radix {hexadecimal hexadecimal binary binary binary binary binary binary binary binary } -list {{VCO_DIV_SEL_r[1:0]} {VCO_DIV_SEL[1:0]} EN_VCO_r EN_VCO CLK_KILL_r CLK_KILL START_r START AC_DC_r AC_DC }
if [catch {gui_sim_terminate}] {gui_sim_terminate -kill}
synopsys::finish
set ucliGUI::state
set ucliGUI::state
ucli_exit
