21:06:17    829 --> ...                  [tcl] ucliGUI::start /project/chriskim01/chipfab/rare23/Genus/fullchip/core/odometer_stacked/simv -ucligui 
21:06:17    830 --> ...                      [tcl] set ucliGUI::state
21:06:17    831 --> ...                          [tcl] gui_update_simulator_buttons
21:06:18    832 --> ...                              [tcl] set ucliGUI::state
21:06:18    833 --> ...                                  [tcl] ucliCore::getToolPID
21:06:18    834 --> ...                                      [tcl] synopsys::env hasTB
21:06:18    835 --> ...                                          [tcl] trigger_hier_stack_context_switch 0
21:06:18    836 --> ...                                              [tcl] synUtils::setDVEInitPhase 1
21:06:18    837 --> ...                                                  [tcl] gui_get_env SIMSETUP::SIMVPD
21:06:18    838 --> ...                                                      [tcl] synopsys::dump -type VPD -file /project/chriskim01/chipfab/rare23/Genus/fullchip/core/odometer_stacked/inter.vpd -locking
21:06:18    839 --> ...                                                          [tcl] synopsys::dump -autoflush on -fid VPD5
21:06:18    840 --> ...                                                              [tcl] set ::dve_fid VPD5
21:06:18    841 --> ...                                                                  [tcl] synUtils::setDVEInitPhase 0
21:06:18    842 --> ...                                                                      [tcl] ucliCore::getToolPID
21:06:18    843 --> ...                                                                          [tcl] synUtils::sendTool -active _icl_setToolSocket /tmp/smlnppYkd04
21:06:18    844 --> ...                                                                              [tcl] synUtils::sendTool -active {_icl_start_rpc -version "N-2017.12-1" -sync_file /tmp/vcs_dve_rpc.chipfab.50576}
21:06:19    845 --> ...                                                                                  [tcl] synUtils::sendTool -active {_icl_createSharedMemory /tmp/vcs_dve_general.chipfab.50576}
21:06:19    846 --> ...                                                                                      [tcl] config endofsim noexit
21:06:19    847 --> ...                                                                                          [tcl] config onfail enable all
21:06:19    848 --> ...                                                                                              [tcl] config syscaddplainmembers
21:06:19    849 --> ...                                                                                                  [tcl] config syscaddsourcenames
21:06:19    850 --> ...  [tcl] config syscaddstructtypes
21:06:19    851 --> ...      [tcl] synopsys::listing -disable
21:06:19    852 --> ...          [tcl] # Begin_DVE_Session_Save_Info
21:06:19    853 --> ...              [tcl] # DVE restart session
21:06:19    854 --> ...                  [tcl] # Saved on Fri Nov 3 21:06:16 2023
21:06:19    855 --> ...                      [tcl] # Designs open: 1
21:06:19    856 --> ...                          [tcl] #   Sim: /project/chriskim01/chipfab/rare23/Genus/fullchip/core/odometer_stacked/simv
21:06:19    857 --> ...                              [tcl] # Toplevel windows open: 2
21:06:19    858 --> ...                                  [tcl] # 	TopLevel.1
21:06:19    859 --> ...                                      [tcl] # 	TopLevel.2
21:06:19    860 --> ...                                          [tcl] #   Source.1: testbench
21:06:19    861 --> ...                                              [tcl] #   Wave.1: 42 signals
21:06:19    862 --> ...                                                  [tcl] #   Group count = 1
21:06:19    863 --> ...                                                      [tcl] #   Group Group1 signal count = 42
21:06:19    864 --> ...                                                          [tcl] # End_DVE_Session_Save_Info
21:06:19    865 --> ...                                                              [tcl] # DVE version: N-2017.12-1
21:06:19    866 --> ...                                                                  [tcl] # DVE build date: Jan 18 2018 21:27:20
21:06:19    867 --> ...                                                                      [tcl] #<Session mode="Restart" path=".restartSimSession.tcl" type="Debug">
21:06:19    868 --> ...                                                                          [tcl] gui_set_loading_session_type Restart
21:06:19    869 --> ...                                                                              [tcl] gui_continuetime_set
21:06:19    870 --> ...                                                                                  [tcl] gui_clear_window -type Wave
21:06:19    871 --> ...                                                                                      [tcl] gui_clear_window -type List
21:06:19    872 --> ...                                                                                          [tcl] # Application preferences
21:06:19    873 --> ...                                                                                              [tcl] gui_set_pref_value -key app_default_font -value {Helvetica,10,-1,5,50,0,0,0,0,0}
21:06:19    874 --> ...                                                                                                  [tcl] gui_src_preferences -tabstop 8 -maxbits 24 -windownumber 1
21:06:19    875 --> ...  [tcl] #<WindowLayout>
21:06:19    876 --> ...      [tcl] # DVE top-level session
21:06:19    877 --> ...          [tcl] # Create and position top-level window: TopLevel.1
21:06:19    878 --> ...              [tcl] set TopLevel.1 TopLevel.1
21:06:19    879 --> ...                  [tcl] # Docked window settings
21:06:19    880 --> ...                      [tcl] set HSPane.1 HSPane.1
21:06:19    881 --> ...                          [tcl] set Hier.1 Hier.1
21:06:19    882 --> ...                              [tcl] set DLPane.1 DLPane.1
21:06:19    883 --> ...                                  [tcl] set Data.1 Data.1
21:06:19    884 --> ...                                      [tcl] set Console.1 Console.1
21:06:19    885 --> ...                                          [tcl] gui_sync_global -id ${TopLevel.1} -option true
21:06:19    886 --> ...                                              [tcl] # MDI window settings
21:06:19    887 --> ...                                                  [tcl] set Source.1 Source.1
21:06:19    888 --> ...                                                      [tcl] gui_update_layout -id ${Source.1} {{show_state maximized} {dock_state undocked} {dock_on_new_line false}}
21:06:19    889 --> ...                                                          [tcl] # End MDI window settings
21:06:19    890 --> ...                                                              [tcl] # Create and position top-level window: TopLevel.2
21:06:19    891 --> ...                                                                  [tcl] set TopLevel.2 TopLevel.2
21:06:19    892 --> ...                                                                      [tcl] # Docked window settings
21:06:19    893 --> ...                                                                          [tcl] gui_sync_global -id ${TopLevel.2} -option true
21:06:19    894 --> ...                                                                              [tcl] # MDI window settings
21:06:19    895 --> ...                                                                                  [tcl] set Wave.1 Wave.1
21:06:19    896 --> ...                                                                                      [tcl] gui_update_layout -id ${Wave.1} {{show_state maximized} {dock_state undocked} {dock_on_new_line false} {child_wave_left 381} {child_wave_right 584} {child_wave_colname 306} {child_wave_colvalue 71} {child_wave_col1 0} {child_wave_col2 1}}
21:06:19    897 --> ...                                                                                          [tcl] # End MDI window settings
21:06:19    898 --> ...                                                                                              [tcl] #</WindowLayout>
21:06:19    899 --> ...                                                                                                  [tcl] #<Database>
21:06:19    900 --> ...  [tcl] gui_set_precision 1ps
21:06:19    901 --> ...      [tcl] gui_set_time_units 1ps
21:06:19    902 --> ...          [tcl] #</Database>
21:06:19    903 --> ...              [tcl] # DVE Global setting session:
21:06:19    904 --> ...                  [tcl] # Global: Breakpoints
21:06:19    905 --> ...                      [tcl] # Global: Bus
21:06:19    906 --> ...                          [tcl] # Global: Expressions
21:06:19    907 --> ...                              [tcl] # Global: Signal Time Shift
21:06:19    908 --> ...                                  [tcl] # Global: Signal Compare
21:06:19    909 --> ...                                      [tcl] # Global: Signal Groups
21:06:19    910 --> ...                                          [tcl] gui_load_child_values {testbench.DUT1.rosc_ref}
21:06:19    911 --> ...                                              [tcl] synopsys::dump -add {testbench.DUT1.rosc_ref} -scope "." -depth 1 -fid VPD5
21:06:19    912 --> ...                                                  [tcl] gui_load_child_values {testbench.DUT1.rosc_stress}
21:06:19    913 --> ...                                                      [tcl] synopsys::dump -add {testbench.DUT1.rosc_stress} -scope "." -depth 1 -fid VPD5
21:06:19    914 --> ...                                                          [tcl] set _session_group_5 Group1
21:06:19    915 --> ...                                                              [tcl] gui_sg_create "$_session_group_5"
21:06:19    916 --> ...                                                                  [tcl] set Group1 "$_session_group_5"
21:06:19    917 --> ...                                                                      [tcl] gui_sg_addsignal -group "$_session_group_5" { testbench.DUT1.AC_STRESS_CLK testbench.DUT1.RESETB testbench.DUT1.LOAD testbench.DUT1.SEL_INV99 testbench.DUT1.SEL_INV101 testbench.DUT1.SEL_INV97 testbench.DUT1.START testbench.DUT1.AC_DC testbench.DUT1.MEAS_TRIG testbench.DUT1.AC_DC_LATCHED testbench.DUT1.SEL_INV97_LATCHED testbench.DUT1.SEL_INV99_LATCHED testbench.DUT1.SEL_INV101_LATCHED testbench.DUT1.START_LATCHED testbench.DUT1.EN_ROSC testbench.DUT1.MEAS_STRESS testbench.DUT1.ROSC_REF_OUT testbench.DUT1.ROSC_STRESS_OUT testbench.DUT1.odometer_top_DETECT testbench.DUT1.odometer_top_MEAS_DONE testbench.DUT1.odometer_top_PC_OUT testbench.DUT1.rosc_ref.IN_INV97 testbench.DUT1.rosc_ref.IN_INV99 testbench.DUT1.rosc_ref.IN_INV101 testbench.DUT1.rosc_ref.MOD_VDD_INV97 testbench.DUT1.rosc_ref.MOD_VDD_INV99 testbench.DUT1.rosc_ref.MOD_VDD_INV101 testbench.DUT1.rosc_ref.OUT_INV97 testbench.DUT1.rosc_ref.OUT_INV99 testbench.DUT1.rosc_ref.OUT_INV101 testbench.DUT1.rosc_stress.IN_INV97 testbench.DUT1.rosc_stress.IN_INV99 testbench.DUT1.rosc_stress.IN_INV101 testbench.DUT1.rosc_stress.MOD_VDD_INV97 testbench.DUT1.rosc_stress.MOD_VDD_INV99 testbench.DUT1.rosc_stress.MOD_VDD_INV101 testbench.DUT1.rosc_stress.OUT_INV97 testbench.DUT1.rosc_stress.OUT_INV99 testbench.DUT1.rosc_stress.OUT_INV101 testbench.DUT1.odometer_top_odometer_meas_detect_inst.DEADZONE_COUNTER_MSB testbench.DUT1.BF_COUNT testbench.DUT1.odometer_top_odometer_meas_detect_inst.DEADZONE_ESCAPE_COUNTER }
21:06:19    918 --> ...                                                                          [tcl] # Global: Highlighting
21:06:19    919 --> ...                                                                              [tcl] # Global: Stack
21:06:19    920 --> ...                                                                                  [tcl] gui_change_stack_mode -mode list
21:06:19    921 --> ...                                                                                      [tcl] # Post database loading setting...
21:06:19    922 --> ...                                                                                          [tcl] # Save global setting...
21:06:19    923 --> ...                                                                                              [tcl] # Wave/List view global setting
21:06:19    924 --> ...                                                                                                  [tcl] gui_cov_show_value -switch false
21:06:19    925 --> ...  [tcl] # Close all empty TopLevel windows
21:06:19    926 --> ...      [tcl] foreach __top [gui_ekki_get_window_ids -type TopLevel] {     if { [llength [gui_ekki_get_window_ids -parent $__top]] == 0} {         gui_close_window -window $__top     } }
21:06:19    927 --> ...          [tcl] gui_set_loading_session_type noSession
21:06:19    928 --> ...              [tcl] # DVE View/pane content session:
21:06:19    929 --> ...                  [tcl] # Hier 'Hier.1'
21:06:19    930 --> ...                      [tcl] gui_show_window -window ${Hier.1}
21:06:19    931 --> ...                          [tcl] gui_list_set_filter -id ${Hier.1} -list { {Package 1} {All 0} {Process 1} {VirtPowSwitch 0} {UnnamedProcess 1} {UDP 0} {Function 1} {Block 1} {SrsnAndSpaCell 0} {OVA Unit 1} {LeafScCell 1} {LeafVlgCell 1} {Interface 1} {LeafVhdCell 1} {$unit 1} {NamedBlock 1} {Task 1} {VlgPackage 1} {ClassDef 1} {VirtIsoCell 0} }
21:06:19    932 --> ...                              [tcl] gui_list_set_filter -id ${Hier.1} -text {*}
21:06:19    933 --> ...                                  [tcl] gui_change_design -id ${Hier.1} -design Sim
21:06:19    934 --> ...                                      [tcl] catch {gui_list_expand -id ${Hier.1} testbench}
21:06:19    935 --> ...                                          [tcl] catch {gui_list_select -id ${Hier.1} {testbench.DUT1}}
21:06:19    936 --> ...                                              [tcl] dveMisc::vbusExpand testbench.DUT1
21:06:19    937 --> ...                                                  [tcl] gui_view_scroll -id ${Hier.1} -vertical -set 21088
21:06:19    938 --> ...                                                      [tcl] gui_view_scroll -id ${Hier.1} -horizontal -set 0
21:06:19    939 --> ...                                                          [tcl] # Data 'Data.1'
21:06:19    940 --> ...                                                              [tcl] gui_list_set_filter -id ${Data.1} -list { {Buffer 1} {Input 1} {Others 1} {Linkage 1} {Output 1} {LowPower 1} {Parameter 1} {All 1} {Aggregate 1} {LibBaseMember 1} {Event 1} {Assertion 1} {Constant 1} {Interface 1} {BaseMembers 1} {Signal 1} {$unit 1} {Inout 1} {Variable 1} }
21:06:19    941 --> ...                                                                  [tcl] gui_list_set_filter -id ${Data.1} -text {*}
21:06:19    942 --> ...                                                                      [tcl] gui_list_show_data -id ${Data.1} {testbench.DUT1}
21:06:19    943 --> ...                                                                          [tcl] gui_show_window -window ${Data.1}
21:06:19    944 --> ...                                                                              [tcl] catch { gui_list_select -id ${Data.1} {testbench.DUT1.BF_COUNT }}
21:06:19    945 --> ...                                                                                  [tcl] gui_view_scroll -id ${Data.1} -vertical -set 120
21:06:19    946 --> ...                                                                                      [tcl] gui_view_scroll -id ${Data.1} -horizontal -set 0
21:06:19    947 --> ...                                                                                          [tcl] gui_view_scroll -id ${Hier.1} -vertical -set 21088
21:06:19    948 --> ...                                                                                              [tcl] gui_view_scroll -id ${Hier.1} -horizontal -set 0
21:06:19    949 --> ...                                                                                                  [tcl] # Source 'Source.1'
21:06:19    950 --> ...  [tcl] gui_src_value_annotate -id ${Source.1} -switch false
21:06:19    951 --> ...      [tcl] gui_set_env TOGGLE::VALUEANNOTATE 0
21:06:19    952 --> ...          [tcl] gui_open_source -id ${Source.1}  -replace -active testbench /project/chriskim01/chipfab/rare23/Genus/fullchip/core/odometer_stacked/testbench.v
21:06:20    953 --> ...              [tcl] gui_src_value_annotate -id ${Source.1} -switch true
21:06:20    954 --> ...                  [tcl] ucliGUI::getSignalValues -scope testbench -radix {hexadecimal hexadecimal binary binary binary binary binary binary binary binary } -list {{VCO_DIV_SEL_r[1:0]} {VCO_DIV_SEL[1:0]} EN_VCO_r EN_VCO CLK_KILL_r CLK_KILL START_r START AC_DC_r AC_DC }
21:06:20    955 --> ...                      [tcl] gui_set_env TOGGLE::VALUEANNOTATE 1
21:06:20    956 --> ...                          [tcl] gui_view_scroll -id ${Source.1} -vertical -set 54
21:06:20    957 --> ...                              [tcl] gui_src_set_reusable -id ${Source.1}
21:06:20    958 --> ...                                  [tcl] # View 'Wave.1'
21:06:20    959 --> ...                                      [tcl] gui_wv_sync -id ${Wave.1} -switch false
21:06:20    960 --> ...                                          [tcl] set groupExD [gui_get_pref_value -category Wave -key exclusiveSG]
21:06:20    961 --> ...                                              [tcl] gui_set_pref_value -category Wave -key exclusiveSG -value {false}
21:06:20    962 --> ...                                                  [tcl] set origWaveHeight [gui_get_pref_value -category Wave -key waveRowHeight]
21:06:20    963 --> ...                                                      [tcl] gui_list_set_height -id Wave -height 25
21:06:20    964 --> ...                                                          [tcl] set origGroupCreationState [gui_list_create_group_when_add -wave]
21:06:20    965 --> ...                                                              [tcl] gui_list_create_group_when_add -wave -disable
21:06:20    966 --> ...                                                                  [tcl] gui_wv_zoom_timerange -id ${Wave.1} 125145261 130390648
21:06:20    967 --> ...                                                                      [tcl] gui_list_add_group -id ${Wave.1} -after {New Group} {Group1}
21:06:20    968 --> ...                                                                          [tcl] synopsys::dump -add {testbench.DUT1.AC_DC testbench.DUT1.AC_DC_LATCHED testbench.DUT1.AC_STRESS_CLK testbench.DUT1.BF_COUNT testbench.DUT1.EN_ROSC testbench.DUT1.LOAD testbench.DUT1.MEAS_STRESS testbench.DUT1.MEAS_TRIG testbench.DUT1.RESETB testbench.DUT1.ROSC_REF_OUT testbench.DUT1.ROSC_STRESS_OUT testbench.DUT1.SEL_INV101 testbench.DUT1.SEL_INV101_LATCHED testbench.DUT1.SEL_INV97 testbench.DUT1.SEL_INV97_LATCHED testbench.DUT1.SEL_INV99 testbench.DUT1.SEL_INV99_LATCHED testbench.DUT1.START testbench.DUT1.START_LATCHED testbench.DUT1.odometer_top_DETECT testbench.DUT1.odometer_top_MEAS_DONE testbench.DUT1.odometer_top_PC_OUT testbench.DUT1.odometer_top_odometer_meas_detect_inst.DEADZONE_COUNTER_MSB testbench.DUT1.odometer_top_odometer_meas_detect_inst.DEADZONE_ESCAPE_COUNTER } -aggregates  -fid VPD5
21:06:20    969 --> ...                                                                              [tcl] gui_list_select -id ${Wave.1} {testbench.DUT1.rosc_ref.IN_INV97 }
21:06:20    970 --> ...                                                                                  [tcl] gui_seek_criteria -id ${Wave.1} {Any Edge}
21:06:20    971 --> ...                                                                                      [tcl] gui_set_env TOGGLE::DEFAULT_WAVE_WINDOW ${Wave.1}
21:06:20    972 --> ...                                                                                          [tcl] gui_set_pref_value -category Wave -key exclusiveSG -value $groupExD
21:06:20    973 --> ...                                                                                              [tcl] gui_list_set_height -id Wave -height $origWaveHeight
21:06:20    974 --> ...                                                                                                  [tcl] if {$origGroupCreationState} { 	gui_list_create_group_when_add -wave -enable }
21:06:20    975 --> ...  [tcl] if { $groupExD } {  gui_msg_report -code DVWW028 }
21:06:20    976 --> ...      [tcl] gui_list_set_filter -id ${Wave.1} -list { {Buffer 1} {Input 1} {Others 1} {Linkage 1} {Output 1} {Parameter 1} {All 1} {Aggregate 1} {LibBaseMember 1} {Event 1} {Assertion 1} {Constant 1} {Interface 1} {BaseMembers 1} {Signal 1} {$unit 1} {Inout 1} {Variable 1} }
21:06:20    977 --> ...          [tcl] gui_list_set_filter -id ${Wave.1} -text {*}
21:06:20    978 --> ...              [tcl] gui_list_set_insertion_bar  -id ${Wave.1} -group Group1  -item {testbench.DUT1.BF_COUNT[11:0]} -position below
21:06:20    979 --> ...                  [tcl] gui_view_scroll -id ${Wave.1} -vertical -set 763
21:06:20    980 --> ...                      [tcl] gui_show_grid -id ${Wave.1} -enable false
21:06:20    981 --> ...                          [tcl] # Restore toplevel window zorder
21:06:20    982 --> ...                              [tcl] # The toplevel window could be closed if it has no view/pane
21:06:20    983 --> ...                                  [tcl] if {[gui_exist_window -window ${TopLevel.1}]} { 	gui_set_active_window -window ${TopLevel.1} 	gui_set_active_window -window ${Source.1} 	gui_set_active_window -window ${DLPane.1} }
21:06:20    984 --> ...                                      [tcl] if {[gui_exist_window -window ${TopLevel.2}]} { 	gui_set_active_window -window ${TopLevel.2} 	gui_set_active_window -window ${Wave.1} }
21:06:20    985 --> ...                                          [tcl] #</Session>
21:06:22    986 --> ...                                              [tcl] synopsys::run
21:06:22    987 --> ...                                                  [tcl] set ucliGUI::state
21:06:22    988 --> ...                                                      [tcl] gui_update_simulator_buttons
21:06:22    989 --> ...                                                          [tcl] set ucliGUI::state
21:06:22    990 --> ...                                                              [tcl] gui_update_simulator_buttons
21:06:22    991 --> ...                                                                  [tcl] set ucliGUI::state
21:06:22    992 --> ...                                                                      [tcl] set ucliGUI::state
21:06:22    993 --> ...                                                                          [tcl] catch {senv activeDomain} dveMisc::result 
21:06:22    994 --> ...                                                                              [tcl] set dveMisc::result
21:06:22    995 --> ...                                                                                  [tcl] gui_update_simulator_buttons
21:06:22    996 --> ...                                                                                      [tcl] dveMisc::vbusExpand testbench
21:06:22    997 --> ...                                                                                          [tcl] ucliGUI::getSignalValues -scope testbench -radix {hexadecimal hexadecimal binary binary binary binary binary binary binary binary } -list {{VCO_DIV_SEL_r[1:0]} {VCO_DIV_SEL[1:0]} EN_VCO_r EN_VCO CLK_KILL_r CLK_KILL START_r START AC_DC_r AC_DC }
22:34:08    998 --> ...                                                                                              [tcl] if [catch {gui_sim_terminate}] {gui_sim_terminate -kill}
22:34:08    999 --> ...                                                                                                  [tcl] synopsys::finish
22:34:08    1000 --> ...  [tcl] set ucliGUI::state
22:34:08    1001 --> ...      [tcl] gui_update_simulator_buttons
22:34:08    1002 --> ...          [tcl] set ucliGUI::state
22:34:08    1003 --> ...              [tcl] catch {senv activeDomain} dveMisc::result 
22:34:08    1004 --> ...                  [tcl] set dveMisc::result
22:34:08    1005 --> ...                      [tcl] gui_update_simulator_buttons
22:34:08    1006 --> ...                          [tcl] catch {senv activeDomain} dveMisc::result 
22:34:08    1007 --> ...                              [tcl] set dveMisc::result
22:34:08    1008 --> ...                                  [tcl] ucli_exit
