============================================================
  Generated by:           Genus(TM) Synthesis Solution 19.15-s090_1
  Generated on:           Nov 30 2023  05:12:46 pm
  Module:                 FULLCHIP
  Technology libraries:   tphn28hpcpgv18tt0p9v1p8v25c 170a
                          tcbn28hpcplusbwp30p140tt0p9v25c 110
                          tcbn28hpcplusbwp30p140lvttt0p8v25c 110
                          tcbn28hpcplusbwp30p140tt0p9v0p9v25c 180
                          ts1n28hpcpsvtb1024x32m4sw_tt0p9v25c v1.0
                          ts1n28hpcpsvtb2048x32m4sw_tt0p9v25c v1.0
                          rare_riscv_test_w_mem 1.0
                          physical_cells 
  Operating conditions:   tt0p9v1p8v25c 
  Interconnect mode:      global
  Area mode:              physical library
============================================================

                 Instance                                       Module                        Cell Count  Cell Area  Net Area   Total Area 
-------------------------------------------------------------------------------------------------------------------------------------------
FULLCHIP                                                                                           16441 250968.787  7543.967   258512.754 
  io_conn_inst                            io_conn                                                    143 160617.640    18.679   160636.319 
  rarechip_inst_top_RARE_inst             top_RARE_COREV_PULP0_COREV_CLUSTER0_FPU0_FPU_ADDMU       12039  84269.631  5096.371    89366.002 
    riscv_clk_control_inst                riscv_clk_control                                         1016   1471.554   380.808     1852.362 
    dco_top_inst                          DCO_TOP                                                    213    298.872    56.543      355.415 
      Inst_3                              Delay_Control_Unit_8X                                       22     31.878     5.543       37.421 
      Inst_1                              Delay_Control_Unit_4X                                       14     18.270     3.525       21.795 
      Inst_0                              Delay_Control_Unit_1X                                       10     13.860     2.516       16.376 
      Inst_2                              Delay_Control_Unit_2X                                       12     12.726     3.021       15.747 
      dco_buf_stage_14_                   dco_buf_stage                                                8     12.096     1.766       13.862 
      dco_buf_stage_13_                   dco_buf_stage                                                8     12.096     1.766       13.862 
      dco_buf_stage_12_                   dco_buf_stage                                                8     12.096     1.766       13.862 
      dco_buf_stage_11_                   dco_buf_stage                                                8     12.096     1.766       13.862 
      dco_buf_stage_10_                   dco_buf_stage                                                8     12.096     1.766       13.862 
      dco_buf_stage_9_                    dco_buf_stage                                                8     12.096     1.766       13.862 
      dco_buf_stage_8_                    dco_buf_stage                                                8     12.096     1.766       13.862 
      dco_buf_stage_7_                    dco_buf_stage                                                8     12.096     1.766       13.862 
      dco_buf_stage_6_                    dco_buf_stage                                                8     12.096     1.766       13.862 
      dco_buf_stage_5_                    dco_buf_stage                                                8     12.096     1.766       13.862 
      dco_buf_stage_4_                    dco_buf_stage                                                8     12.096     1.766       13.862 
      dco_buf_stage_3_                    dco_buf_stage                                                8     12.096     1.766       13.862 
      dco_buf_stage_2_                    dco_buf_stage                                                8     12.096     1.766       13.862 
      dco_buf_stage_1_                    dco_buf_stage                                                8     12.096     1.766       13.862 
      dco_buf_stage_0_                    dco_buf_stage                                                8     12.096     1.766       13.862 
    odometer_vco_full_inst_RO             ROSC101_SEL_INV                                            103     39.186    25.852       65.038 
    odometer_vco_full_inst_buff_block_vco buff_block_vco                                               1      0.882     0.000        0.882 
