============================================================
  Generated by:           Genus(TM) Synthesis Solution 19.15-s090_1
  Generated on:           Nov 27 2023  10:13:29 pm
  Module:                 rare_riscv_test_w_mem
  Technology libraries:   tcbn28hpcplusbwp30p140tt0p9v25c 110
                          tcbn28hpcplusbwp30p140tt0p9v0p9v25c 180
                          ts1n28hpcpsvtb1024x32m4sw_tt0p9v25c v1.0
                          ts1n28hpcpsvtb2048x32m4sw_tt0p9v25c v1.0
                          physical_cells 
  Operating conditions:   tt0p9v25c 
  Interconnect mode:      global
  Area mode:              physical library
============================================================

              Instance                                     Module                        Cell Count  Cell Area  Net Area   Total Area 
--------------------------------------------------------------------------------------------------------------------------------------
rare_riscv_test_w_mem                                                                         17147  89548.385  7971.506    97519.891 
  rare_riscv_test_inst               rare_riscv_test_COREV_PULP0_COREV_CLUSTER0_FPU0_FP       15783  50754.572  7001.795    57756.368 
    cv32e40p_top_inst                cv32e40p_top_RARE_COREV_PULP0_COREV_CLUSTER0_FPU0_       14901  13707.792  6599.035    20306.827 
    genblk1[83].heater_unit_dut_inst heater_wrapper                                               1     70.560     0.000       70.560 
    genblk1[82].heater_unit_dut_inst heater_wrapper                                               1     70.560     0.000       70.560 
    genblk1[81].heater_unit_dut_inst heater_wrapper                                               1     70.560     0.000       70.560 
    genblk1[80].heater_unit_dut_inst heater_wrapper                                               1     70.560     0.000       70.560 
    genblk1[79].heater_unit_dut_inst heater_wrapper                                               1     70.560     0.000       70.560 
    genblk1[78].heater_unit_dut_inst heater_wrapper                                               1     70.560     0.000       70.560 
    genblk1[77].heater_unit_dut_inst heater_wrapper                                               1     70.560     0.000       70.560 
    genblk1[76].heater_unit_dut_inst heater_wrapper                                               1     70.560     0.000       70.560 
    genblk1[75].heater_unit_dut_inst heater_wrapper                                               1     70.560     0.000       70.560 
    genblk1[74].heater_unit_dut_inst heater_wrapper                                               1     70.560     0.000       70.560 
    genblk1[73].heater_unit_dut_inst heater_wrapper                                               1     70.560     0.000       70.560 
    genblk1[72].heater_unit_dut_inst heater_wrapper                                               1     70.560     0.000       70.560 
    genblk1[71].heater_unit_dut_inst heater_wrapper                                               1     70.560     0.000       70.560 
    genblk1[70].heater_unit_dut_inst heater_wrapper                                               1     70.560     0.000       70.560 
    genblk1[69].heater_unit_dut_inst heater_wrapper                                               1     70.560     0.000       70.560 
    genblk1[68].heater_unit_dut_inst heater_wrapper                                               1     70.560     0.000       70.560 
    genblk1[67].heater_unit_dut_inst heater_wrapper                                               1     70.560     0.000       70.560 
    genblk1[66].heater_unit_dut_inst heater_wrapper                                               1     70.560     0.000       70.560 
    genblk1[65].heater_unit_dut_inst heater_wrapper                                               1     70.560     0.000       70.560 
    genblk1[64].heater_unit_dut_inst heater_wrapper                                               1     70.560     0.000       70.560 
    genblk1[63].heater_unit_dut_inst heater_wrapper                                               1     70.560     0.000       70.560 
    genblk1[62].heater_unit_dut_inst heater_wrapper                                               1     70.560     0.000       70.560 
    genblk1[61].heater_unit_dut_inst heater_wrapper                                               1     70.560     0.000       70.560 
    genblk1[60].heater_unit_dut_inst heater_wrapper                                               1     70.560     0.000       70.560 
    genblk1[59].heater_unit_dut_inst heater_wrapper                                               1     70.560     0.000       70.560 
    genblk1[58].heater_unit_dut_inst heater_wrapper                                               1     70.560     0.000       70.560 
    genblk1[57].heater_unit_dut_inst heater_wrapper                                               1     70.560     0.000       70.560 
    genblk1[56].heater_unit_dut_inst heater_wrapper                                               1     70.560     0.000       70.560 
    genblk1[55].heater_unit_dut_inst heater_wrapper                                               1     70.560     0.000       70.560 
    genblk1[54].heater_unit_dut_inst heater_wrapper                                               1     70.560     0.000       70.560 
    genblk1[53].heater_unit_dut_inst heater_wrapper                                               1     70.560     0.000       70.560 
    genblk1[52].heater_unit_dut_inst heater_wrapper                                               1     70.560     0.000       70.560 
    genblk1[51].heater_unit_dut_inst heater_wrapper                                               1     70.560     0.000       70.560 
    genblk1[50].heater_unit_dut_inst heater_wrapper                                               1     70.560     0.000       70.560 
    genblk1[49].heater_unit_dut_inst heater_wrapper                                               1     70.560     0.000       70.560 
    genblk1[48].heater_unit_dut_inst heater_wrapper                                               1     70.560     0.000       70.560 
    genblk1[47].heater_unit_dut_inst heater_wrapper                                               1     70.560     0.000       70.560 
    genblk1[46].heater_unit_dut_inst heater_wrapper                                               1     70.560     0.000       70.560 
    genblk1[45].heater_unit_dut_inst heater_wrapper                                               1     70.560     0.000       70.560 
    genblk1[44].heater_unit_dut_inst heater_wrapper                                               1     70.560     0.000       70.560 
    genblk1[43].heater_unit_dut_inst heater_wrapper                                               1     70.560     0.000       70.560 
    genblk1[42].heater_unit_dut_inst heater_wrapper                                               1     70.560     0.000       70.560 
    genblk1[41].heater_unit_dut_inst heater_wrapper                                               1     70.560     0.000       70.560 
    genblk1[40].heater_unit_dut_inst heater_wrapper                                               1     70.560     0.000       70.560 
    genblk1[39].heater_unit_dut_inst heater_wrapper                                               1     70.560     0.000       70.560 
    genblk1[38].heater_unit_dut_inst heater_wrapper                                               1     70.560     0.000       70.560 
    genblk1[37].heater_unit_dut_inst heater_wrapper                                               1     70.560     0.000       70.560 
    genblk1[36].heater_unit_dut_inst heater_wrapper                                               1     70.560     0.000       70.560 
    genblk1[35].heater_unit_dut_inst heater_wrapper                                               1     70.560     0.000       70.560 
    genblk1[34].heater_unit_dut_inst heater_wrapper                                               1     70.560     0.000       70.560 
    genblk1[33].heater_unit_dut_inst heater_wrapper                                               1     70.560     0.000       70.560 
    genblk1[32].heater_unit_dut_inst heater_wrapper                                               1     70.560     0.000       70.560 
    genblk1[31].heater_unit_dut_inst heater_wrapper                                               1     70.560     0.000       70.560 
    genblk1[30].heater_unit_dut_inst heater_wrapper                                               1     70.560     0.000       70.560 
    genblk1[29].heater_unit_dut_inst heater_wrapper                                               1     70.560     0.000       70.560 
    genblk1[28].heater_unit_dut_inst heater_wrapper                                               1     70.560     0.000       70.560 
    genblk1[27].heater_unit_dut_inst heater_wrapper                                               1     70.560     0.000       70.560 
    genblk1[26].heater_unit_dut_inst heater_wrapper                                               1     70.560     0.000       70.560 
    genblk1[25].heater_unit_dut_inst heater_wrapper                                               1     70.560     0.000       70.560 
    genblk1[24].heater_unit_dut_inst heater_wrapper                                               1     70.560     0.000       70.560 
    genblk1[23].heater_unit_dut_inst heater_wrapper                                               1     70.560     0.000       70.560 
    genblk1[22].heater_unit_dut_inst heater_wrapper                                               1     70.560     0.000       70.560 
    genblk1[21].heater_unit_dut_inst heater_wrapper                                               1     70.560     0.000       70.560 
    genblk1[20].heater_unit_dut_inst heater_wrapper                                               1     70.560     0.000       70.560 
    genblk1[19].heater_unit_dut_inst heater_wrapper                                               1     70.560     0.000       70.560 
    genblk1[18].heater_unit_dut_inst heater_wrapper                                               1     70.560     0.000       70.560 
    genblk1[17].heater_unit_dut_inst heater_wrapper                                               1     70.560     0.000       70.560 
    genblk1[16].heater_unit_dut_inst heater_wrapper                                               1     70.560     0.000       70.560 
    genblk1[15].heater_unit_dut_inst heater_wrapper                                               1     70.560     0.000       70.560 
    genblk1[14].heater_unit_dut_inst heater_wrapper                                               1     70.560     0.000       70.560 
    genblk1[13].heater_unit_dut_inst heater_wrapper                                               1     70.560     0.000       70.560 
    genblk1[12].heater_unit_dut_inst heater_wrapper                                               1     70.560     0.000       70.560 
    genblk1[11].heater_unit_dut_inst heater_wrapper                                               1     70.560     0.000       70.560 
    genblk1[10].heater_unit_dut_inst heater_wrapper                                               1     70.560     0.000       70.560 
    genblk1[9].heater_unit_dut_inst  heater_wrapper                                               1     70.560     0.000       70.560 
    genblk1[8].heater_unit_dut_inst  heater_wrapper                                               1     70.560     0.000       70.560 
    genblk1[7].heater_unit_dut_inst  heater_wrapper                                               1     70.560     0.000       70.560 
    genblk1[6].heater_unit_dut_inst  heater_wrapper                                               1     70.560     0.000       70.560 
    genblk1[5].heater_unit_dut_inst  heater_wrapper                                               1     70.560     0.000       70.560 
    genblk1[4].heater_unit_dut_inst  heater_wrapper                                               1     70.560     0.000       70.560 
    genblk1[3].heater_unit_dut_inst  heater_wrapper                                               1     70.560     0.000       70.560 
    genblk1[2].heater_unit_dut_inst  heater_wrapper                                               1     70.560     0.000       70.560 
    genblk1[1].heater_unit_dut_inst  heater_wrapper                                               1     70.560     0.000       70.560 
    genblk1[0].heater_unit_dut_inst  heater_wrapper                                               1     70.560     0.000       70.560 
    genblk2[17].temp_sensor_dut_inst temp_sensor_wrapper                                          1      8.568     0.000        8.568 
    genblk2[16].temp_sensor_dut_inst temp_sensor_wrapper                                          1      8.568     0.000        8.568 
    genblk2[15].temp_sensor_dut_inst temp_sensor_wrapper                                          1      8.568     0.000        8.568 
    genblk2[14].temp_sensor_dut_inst temp_sensor_wrapper                                          1      8.568     0.000        8.568 
    genblk2[13].temp_sensor_dut_inst temp_sensor_wrapper                                          1      8.568     0.000        8.568 
    genblk2[12].temp_sensor_dut_inst temp_sensor_wrapper                                          1      8.568     0.000        8.568 
    genblk2[11].temp_sensor_dut_inst temp_sensor_wrapper                                          1      8.568     0.000        8.568 
    genblk2[10].temp_sensor_dut_inst temp_sensor_wrapper                                          1      8.568     0.000        8.568 
    genblk2[9].temp_sensor_dut_inst  temp_sensor_wrapper                                          1      8.568     0.000        8.568 
    genblk2[8].temp_sensor_dut_inst  temp_sensor_wrapper                                          1      8.568     0.000        8.568 
    genblk2[7].temp_sensor_dut_inst  temp_sensor_wrapper                                          1      8.568     0.000        8.568 
    genblk2[6].temp_sensor_dut_inst  temp_sensor_wrapper                                          1      8.568     0.000        8.568 
    genblk2[5].temp_sensor_dut_inst  temp_sensor_wrapper                                          1      8.568     0.000        8.568 
    genblk2[4].temp_sensor_dut_inst  temp_sensor_wrapper                                          1      8.568     0.000        8.568 
    genblk2[3].temp_sensor_dut_inst  temp_sensor_wrapper                                          1      8.568     0.000        8.568 
    genblk2[2].temp_sensor_dut_inst  temp_sensor_wrapper                                          1      8.568     0.000        8.568 
    genblk2[1].temp_sensor_dut_inst  temp_sensor_wrapper                                          1      8.568     0.000        8.568 
    genblk2[0].temp_sensor_dut_inst  temp_sensor_wrapper                                          1      8.568     0.000        8.568 
