============================================================
  Generated by:           Genus(TM) Synthesis Solution 19.15-s090_1
  Generated on:           Nov 27 2023  10:13:30 pm
  Module:                 rare_riscv_test_w_mem
  Operating conditions:   tt0p9v25c 
  Interconnect mode:      global
  Area mode:              physical library
============================================================


Path 1: MET (0 ps) Setup Check with Pin riscv_stop_ctrl_inst_riscv_debug_reg/CP->E
          Group: clk
     Startpoint: (R) rare_riscv_test_inst/cv32e40p_top_inst/core_i_id_stage_i_alu_operand_b_ex_o_reg[1]/CP
          Clock: (R) clk
       Endpoint: (R) riscv_stop_ctrl_inst_riscv_debug_reg/E
          Clock: (R) clk

                     Capture       Launch     
        Clock Edge:+    1000            0     
       Src Latency:+       0            0     
       Net Latency:+       0 (I)        0 (I) 
           Arrival:=    1000            0     
                                              
             Setup:-      37                  
       Uncertainty:-     100                  
     Required Time:=     863                  
      Launch Clock:-       0                  
         Data Path:-     863                  
             Slack:=       0                  

#---------------------------------------------------------------------------------------------------------------------------------------------------------------------------------------------
#                                     Timing Point                                      Flags    Arc   Edge          Cell             Power  Fanout Load Trans Delay Arrival     Instance     
#                                                                                                                                     Domain        (fF)  (ps)  (ps)   (ps)      Location     
#---------------------------------------------------------------------------------------------------------------------------------------------------------------------------------------------
  rare_riscv_test_inst/cv32e40p_top_inst/core_i_id_stage_i_alu_operand_b_ex_o_reg[1]/CP -       -      R     (arrival)                PD_DUT   2053    -     0     0       0            (-,-) 
  rare_riscv_test_inst/cv32e40p_top_inst/core_i_id_stage_i_alu_operand_b_ex_o_reg[1]/Q  -       CP->Q  F     DFCNQD2BWP30P140         PD_DUT     23 20.1    41    68      68            (-,-) 
  rare_riscv_test_inst/cv32e40p_top_inst/g23595__6260/ZN                                -       A1->ZN R     NR2D1BWP30P140           PD_DUT      1  1.3    21    20      88            (-,-) 
  rare_riscv_test_inst/cv32e40p_top_inst/g104461/ZN                                     -       A1->ZN R     IAO21D2BWP30P140         PD_DUT      2  2.6    14    24     112  (0.0000,0.0000) 
  rare_riscv_test_inst/cv32e40p_top_inst/g23525__6161/ZN                                -       B->ZN  F     IAO21D2BWP30P140         PD_DUT      1  2.2    11     8     120            (-,-) 
  rare_riscv_test_inst/cv32e40p_top_inst/g23522__5115/ZN                                -       A1->ZN R     NR2D3BWP30P140           PD_DUT      3  3.3    14    12     132            (-,-) 
  rare_riscv_test_inst/cv32e40p_top_inst/g23518__7098/ZN                                -       A1->ZN F     NR2D2BWP30P140           PD_DUT      1  1.8    10     7     139            (-,-) 
  rare_riscv_test_inst/cv32e40p_top_inst/g23515__1705/ZN                                -       A1->ZN R     NR2OPTPAD2BWP30P140      PD_DUT      3  3.4    13    12     151            (-,-) 
  rare_riscv_test_inst/cv32e40p_top_inst/g23508__8428/ZN                                -       B->ZN  F     IAO21D2BWP30P140         PD_DUT      1  2.7    12     9     159            (-,-) 
  rare_riscv_test_inst/cv32e40p_top_inst/g23505__5107/ZN                                -       B->ZN  R     IAO21D4BWP30P140         PD_DUT      3  3.4    12    10     170            (-,-) 
  rare_riscv_test_inst/cv32e40p_top_inst/g23499__1666/ZN                                -       B->ZN  F     IAO21D2BWP30P140         PD_DUT      1  1.8    10     7     177            (-,-) 
  rare_riscv_test_inst/cv32e40p_top_inst/g23498__2346/ZN                                -       A1->ZN R     NR2OPTPAD2BWP30P140      PD_DUT      3  3.4    13    12     189            (-,-) 
  rare_riscv_test_inst/cv32e40p_top_inst/g23494__9315/ZN                                -       B->ZN  F     IAO21D2BWP30P140         PD_DUT      1  1.8    10     7     196            (-,-) 
  rare_riscv_test_inst/cv32e40p_top_inst/g23493__6161/ZN                                -       B->ZN  R     AOI21OPTREPBD2BWP30P140  PD_DUT      3  3.4    18    14     210            (-,-) 
  rare_riscv_test_inst/cv32e40p_top_inst/g23489__5115/ZN                                -       B->ZN  F     IAO21D2BWP30P140         PD_DUT      1  1.8    10     8     218            (-,-) 
  rare_riscv_test_inst/cv32e40p_top_inst/g23488__1881/ZN                                -       A1->ZN R     NR2OPTPAD2BWP30P140      PD_DUT      3  3.3    13    12     229            (-,-) 
  rare_riscv_test_inst/cv32e40p_top_inst/g104460/ZN                                     -       A1->ZN R     IAO22D4BWP30P140         PD_DUT      4  3.7    17    20     250  (0.0000,0.0000) 
  rare_riscv_test_inst/cv32e40p_top_inst/g104459/ZN                                     -       A1->ZN R     IOA21D1BWP30P140         PD_DUT      1  2.6    17    27     277  (0.0000,0.0000) 
  rare_riscv_test_inst/cv32e40p_top_inst/g23473__6260/ZN                                -       A1->ZN F     MAOI22D4BWP30P140        PD_DUT      3  3.2    15    12     289            (-,-) 
  rare_riscv_test_inst/cv32e40p_top_inst/g31080__7098/ZN                                -       A1->ZN R     AOI22D2BWP30P140         PD_DUT      2  2.2    22    16     304            (-,-) 
  rare_riscv_test_inst/cv32e40p_top_inst/g31077__1705/ZN                                -       B1->ZN F     IND2D1BWP30P140          PD_DUT      2  2.4    24    20     324            (-,-) 
  rare_riscv_test_inst/cv32e40p_top_inst/g30935__1705/ZN                                -       A1->ZN R     AOI21D2BWP30P140         PD_DUT      2  3.1    23    18     343            (-,-) 
  rare_riscv_test_inst/cv32e40p_top_inst/g30900__6783/ZN                                -       A1->ZN F     ND2D2BWP30P140           PD_DUT      2  2.4    17    15     358            (-,-) 
  rare_riscv_test_inst/cv32e40p_top_inst/g30848__7098/ZN                                -       A1->ZN R     AOI21D2BWP30P140         PD_DUT      2  2.7    22    16     373            (-,-) 
  rare_riscv_test_inst/cv32e40p_top_inst/g30804__7410/ZN                                -       A1->ZN F     NR2OPTPAD1BWP30P140      PD_DUT      2  2.1    17    14     387            (-,-) 
  rare_riscv_test_inst/cv32e40p_top_inst/g30754__8428/ZN                                -       B->ZN  R     AOI21OPTREPBD1BWP30P140  PD_DUT      2  2.5    23    20     406            (-,-) 
  rare_riscv_test_inst/cv32e40p_top_inst/g30751__6260/ZN                                -       A1->ZN F     NR2D2BWP30P140           PD_DUT      2  2.4    13    10     416            (-,-) 
  rare_riscv_test_inst/cv32e40p_top_inst/g30746__6417/ZN                                -       A1->ZN R     AOI21OPTREPBD1BWP30P140  PD_DUT      1  1.7    18    15     431            (-,-) 
  rare_riscv_test_inst/cv32e40p_top_inst/g30745__7410/ZN                                -       A1->ZN F     NR2OPTPAD2BWP30P140      PD_DUT      3  3.9    18    12     442            (-,-) 
  rare_riscv_test_inst/cv32e40p_top_inst/g30739__6161/ZN                                -       A1->ZN R     AOI21D4BWP30P140         PD_DUT      3  3.3    16    13     456            (-,-) 
  rare_riscv_test_inst/cv32e40p_top_inst/g30732__7098/ZN                                -       A1->ZN F     OAI21D2BWP30P140         PD_DUT      3  3.3    22    16     472            (-,-) 
  rare_riscv_test_inst/cv32e40p_top_inst/g30725__3680/ZN                                -       A1->ZN R     AOI21D2BWP30P140         PD_DUT      3  3.3    21    18     490            (-,-) 
  rare_riscv_test_inst/cv32e40p_top_inst/g30720__4319/ZN                                -       A1->ZN F     OAI21D2BWP30P140         PD_DUT      3  3.6    23    18     508            (-,-) 
  rare_riscv_test_inst/cv32e40p_top_inst/g30714__5477/ZN                                -       A1->ZN R     AOI21D2BWP30P140         PD_DUT      3  4.3    24    21     529            (-,-) 
  rare_riscv_test_inst/cv32e40p_top_inst/g30708__2883/ZN                                -       A1->ZN F     OAI21D4BWP30P140         PD_DUT      3  4.1    20    15     544            (-,-) 
  rare_riscv_test_inst/cv32e40p_top_inst/g30703__6161/ZN                                -       A1->ZN R     AOI21D4BWP30P140         PD_DUT      3  3.5    20    14     559            (-,-) 
  rare_riscv_test_inst/cv32e40p_top_inst/g30697__1881/ZN                                -       A1->ZN F     OAI21D2BWP30P140         PD_DUT      3  3.3    22    17     576            (-,-) 
  rare_riscv_test_inst/cv32e40p_top_inst/g30691__5122/ZN                                -       A1->ZN R     AOI21D2BWP30P140         PD_DUT      2  2.9    19    17     593            (-,-) 
  rare_riscv_test_inst/cv32e40p_top_inst/g31183/ZN                                      -       B1->ZN F     IND2D2BWP30P140          PD_DUT      2  2.9    16    15     608            (-,-) 
  rare_riscv_test_inst/cv32e40p_top_inst/g30682__3680/ZN                                -       A1->ZN R     ND2D2BWP30P140           PD_DUT      1  1.9    14     9     617            (-,-) 
  rare_riscv_test_inst/cv32e40p_top_inst/g30681__6783/ZN                                -       A1->ZN F     CKND2D3BWP30P140         PD_DUT      3  3.2    13    11     628            (-,-) 
  rare_riscv_test_inst/cv32e40p_top_inst/g30676__6260/ZN                                -       A1->ZN R     AOI21D2BWP30P140         PD_DUT      2  2.2    18    13     641            (-,-) 
  rare_riscv_test_inst/cv32e40p_top_inst/g30674/ZN                                      -       I->ZN  F     INVD1BWP30P140           PD_DUT      1  1.7    12    11     652            (-,-) 
  rare_riscv_test_inst/cv32e40p_top_inst/g30670__7410/ZN                                -       A1->ZN R     OAI21D2BWP30P140         PD_DUT      1  1.7    33    11     664            (-,-) 
  rare_riscv_test_inst/cv32e40p_top_inst/g30668__2346/ZN                                -       A1->ZN F     NR2D2BWP30P140           PD_DUT      1  2.3    13    11     674            (-,-) 
  rare_riscv_test_inst/cv32e40p_top_inst/g30667__2883/Z                                 -       A1->Z  F     XOR2OPTND2BWP30P140      PD_DUT      1  2.4    28    18     692            (-,-) 
  CPF_LS_data_addr_o_31/Z                                                               (p)     I->Z   F     LVLLHD1BWP30P140         PD_TOP      1  1.1    10    46     738            (-,-) 
  g3367/ZN                                                                              -       A3->ZN R     OAI31D0BWP30P140         PD_TOP      1  1.2    34    25     763            (-,-) 
  g3366/ZN                                                                              -       A4->ZN F     ND4D0BWP30P140           PD_TOP      2  2.0    64    46     810            (-,-) 
  g3364/ZN                                                                              -       B3->ZN R     INR4D0BWP30P140          PD_TOP      1  1.8    63    53     863            (-,-) 
  riscv_stop_ctrl_inst_riscv_debug_reg/E                                                <<<     -      R     EDFCNQD1BWP30P140        PD_TOP      1    -     -     0     863            (-,-) 
#---------------------------------------------------------------------------------------------------------------------------------------------------------------------------------------------

(p) : Instance is preserved but may be resized

