============================================================
  Generated by:           Genus(TM) Synthesis Solution 19.15-s090_1
  Generated on:           Nov 03 2023  08:06:49 pm
  Module:                 odometer_full_stacked_rvt
  Technology libraries:   tphn28hpcpgv18tt0p9v1p8v25c 170a
                          tcbn28hpcplusbwp30p140tt0p9v25c 110
                          INVD2BWP30P140_STACK2_tt_0.9_25 1.0
  Operating conditions:   tt0p9v1p8v25c (balanced_tree)
  Wireload mode:          segmented
  Area mode:              timing library
============================================================

                Instance                                 Module                 Cell Count  Cell Area  Net Area   Total Area  Wireload     
-------------------------------------------------------------------------------------------------------------------------------------------
odometer_full_stacked_rvt                                                              579    393.246     0.000      393.246     ForQA (S) 
  rosc_ref                               rosc_block_top_pwr_rvt_ref_stacked            331    136.206     0.000      136.206     ForQA (S) 
    ROSC_INV101                          ROSC101_SEL_INV_RVT_REF_stacked               100     37.800     0.000       37.800     ForQA (S) 
    ROSC_INV99                           ROSC99_SEL_INV_RVT_REF_stacked                 98     37.044     0.000       37.044     ForQA (S) 
    ROSC_INV97                           ROSC97_SEL_INV_RVT_REF_stacked                 96     36.288     0.000       36.288     ForQA (S) 
    rosc_control_pwr_INV101              pwr_controller_stacked                          6      5.544     0.000        5.544     ForQA (S) 
    rosc_control_pwr_INV99               pwr_controller_stacked                          6      5.544     0.000        5.544     ForQA (S) 
    rosc_control_pwr_INV97               pwr_controller_stacked                          6      5.544     0.000        5.544     ForQA (S) 
  odometer_top_odometer_meas_detect_inst odometer_meas_detect_stacked                   83    110.628     0.000      110.628     ForQA (S) 
  rosc_stress                            rosc_block_top_pwr_rvt_stress_stacked         139     89.460     0.000       89.460     ForQA (S) 
    ROSC_INV101                          ROSC35_SEL_INV_RVT_STRESS_stacked              34     21.420     0.000       21.420     ForQA (S) 
    ROSC_INV99                           ROSC35_SEL_INV_RVT_STRESS_stacked              34     21.420     0.000       21.420     ForQA (S) 
    ROSC_INV97                           ROSC35_SEL_INV_RVT_STRESS_stacked              34     21.420     0.000       21.420     ForQA (S) 
    rosc_control_pwr_INV101              pwr_controller_stacked                          6      5.544     0.000        5.544     ForQA (S) 
    rosc_control_pwr_INV99               pwr_controller_stacked                          6      5.544     0.000        5.544     ForQA (S) 
    rosc_control_pwr_INV97               pwr_controller_stacked                          6      5.544     0.000        5.544     ForQA (S) 

 (S) = wireload was automatically selected
