============================================================
  Generated by:           Genus(TM) Synthesis Solution 19.15-s090_1
  Generated on:           Nov 03 2023  08:06:49 pm
  Module:                 odometer_full_stacked_rvt
  Operating conditions:   tt0p9v1p8v25c (balanced_tree)
  Wireload mode:          segmented
  Area mode:              timing library
============================================================


Path 1: MET (290 ps) Setup Check with Pin odometer_top_parallel_latch_inst_PARALLEL_OUT_reg[6]/CPN->D
          Group: DETECT
     Startpoint: (F) odometer_top_odometer_meas_detect_inst/BF_COUNTER_reg[6]/CPN
          Clock: (F) OUT_INV_ref
       Endpoint: (R) odometer_top_parallel_latch_inst_PARALLEL_OUT_reg[6]/D
          Clock: (F) DETECT

                     Capture       Launch     
        Clock Edge:+     700          350     
       Src Latency:+       0            0     
       Net Latency:+       0 (I)        0 (I) 
           Arrival:=     700          350     
                                              
             Setup:-       5                  
     Required Time:=     695                  
      Launch Clock:-     350                  
         Data Path:-      55                  
             Slack:=     290                  

#----------------------------------------------------------------------------------------------------------------------------------------------
#                        Timing Point                          Flags    Arc   Edge       Cell         Fanout Load Trans Delay Arrival Instance 
#                                                                                                            (fF)  (ps)  (ps)   (ps)  Location 
#----------------------------------------------------------------------------------------------------------------------------------------------
  odometer_top_odometer_meas_detect_inst/BF_COUNTER_reg[6]/CPN -       -      F     (arrival)             16    -     0     0     350    (-,-) 
  odometer_top_odometer_meas_detect_inst/BF_COUNTER_reg[6]/Q   -       CPN->Q R     DFNCSND1BWP30P140      4  1.9    14    55     405    (-,-) 
  odometer_top_parallel_latch_inst_PARALLEL_OUT_reg[6]/D       <<<     -      R     DFNCSND1BWP30P140      4    -     -     0     405    (-,-) 
#----------------------------------------------------------------------------------------------------------------------------------------------

