============================================================
  Generated by:           Genus(TM) Synthesis Solution 19.15-s090_1
  Generated on:           Nov 04 2023  01:45:43 am
  Module:                 odometer_full_rvt
  Technology libraries:   tphn28hpcpgv18tt0p9v1p8v25c 170a
                          tcbn28hpcplusbwp30p140tt0p9v25c 110
                          physical_cells 
  Operating conditions:   tt0p9v1p8v25c 
  Interconnect mode:      global
  Area mode:              physical library
============================================================

                Instance                            Module            Cell Count  Cell Area  Net Area   Total Area 
-------------------------------------------------------------------------------------------------------------------
odometer_full_rvt                                                            769    557.298   255.061      812.359 
  odometer_top_odometer_meas_detect_inst odometer_meas_detect                 66    120.582    18.776      139.358 
  rosc_ref_ROSC_NOR                      ROSC103_SEL_NOR_RVT_REF             103     64.512    37.958      102.470 
  rosc_ref_ROSC_NAND                     ROSC103_SEL_NAND_RVT_REF            103     64.512    37.958      102.470 
  rosc_stress_ROSC_NOR                   ROSC101_SEL_NOR_RVT_STRESS          101     63.252    37.212      100.464 
  rosc_stress_ROSC_NAND                  ROSC101_SEL_NAND_RVT_STRESS         101     63.252    37.212      100.464 
  rosc_ref_ROSC_INV                      ROSC103_SEL_INV_RVT_REF             102     38.556    25.355       63.911 
  rosc_stress_ROSC_INV                   ROSC101_SEL_INV_RVT_STRESS          100     37.800    24.853       62.653 
  rosc_stress_rosc_control_pwr_inv       pwr_controller                        6      5.544     0.869        6.413 
  rosc_stress_rosc_control_pwr_NOR       pwr_controller                        6      5.544     0.869        6.413 
  rosc_stress_rosc_control_pwr_NAND      pwr_controller                        6      5.544     0.869        6.413 
  rosc_ref_rosc_control_pwr_inv          pwr_controller                        6      5.544     0.869        6.413 
  rosc_ref_rosc_control_pwr_NOR          pwr_controller                        6      5.544     0.869        6.413 
  rosc_ref_rosc_control_pwr_NAND         pwr_controller                        6      5.544     0.869        6.413 
