============================================================
  Generated by:           Genus(TM) Synthesis Solution 19.15-s090_1
  Generated on:           Nov 04 2023  01:45:43 am
  Module:                 odometer_full_rvt
  Operating conditions:   tt0p9v1p8v25c 
  Interconnect mode:      global
  Area mode:              physical library
============================================================


Path 1: MET (32 ps) Setup Check with Pin odometer_top_parallel_latch_inst_PARALLEL_OUT_reg[0]/CPN->D
          Group: DETECT
     Startpoint: (F) odometer_top_odometer_meas_detect_inst/BF_COUNTER_reg[0]/CPN
          Clock: (F) OUT_INV_ref
       Endpoint: (R) odometer_top_parallel_latch_inst_PARALLEL_OUT_reg[0]/D
          Clock: (F) DETECT

                     Capture       Launch     
        Clock Edge:+     500          400     
       Src Latency:+       0            0     
       Net Latency:+       0 (I)        0 (I) 
           Arrival:=     500          400     
                                              
             Setup:-       7                  
     Required Time:=     493                  
      Launch Clock:-     400                  
         Data Path:-      62                  
             Slack:=      32                  

#----------------------------------------------------------------------------------------------------------------------------------------------
#                        Timing Point                          Flags    Arc   Edge       Cell         Fanout Load Trans Delay Arrival Instance 
#                                                                                                            (fF)  (ps)  (ps)   (ps)  Location 
#----------------------------------------------------------------------------------------------------------------------------------------------
  odometer_top_odometer_meas_detect_inst/BF_COUNTER_reg[0]/CPN -       -      F     (arrival)             16    -     0     0     400    (-,-) 
  odometer_top_odometer_meas_detect_inst/BF_COUNTER_reg[0]/Q   -       CPN->Q R     DFNCSND1BWP30P140      3  4.3    23    62     462    (-,-) 
  odometer_top_parallel_latch_inst_PARALLEL_OUT_reg[0]/D       <<<     -      R     DFNCSND1BWP30P140      3    -     -     0     462    (-,-) 
#----------------------------------------------------------------------------------------------------------------------------------------------

