============================================================
  Generated by:           Genus(TM) Synthesis Solution 19.15-s090_1
  Generated on:           Nov 07 2023  07:17:10 pm
  Module:                 odometer_full_hvt
  Technology libraries:   tphn28hpcpgv18tt0p9v1p8v25c 170a
                          tcbn28hpcplusbwp30p140tt0p9v25c 110
                          tcbn28hpcplusbwp30p140hvttt0p9v25c 110
  Operating conditions:   tt0p9v1p8v25c (balanced_tree)
  Wireload mode:          segmented
  Area mode:              timing library
============================================================

                Instance                            Module            Cell Count  Cell Area  Net Area   Total Area  Wireload     
---------------------------------------------------------------------------------------------------------------------------------
odometer_full_hvt                                                            792    550.494     0.000      550.494     ForQA (S) 
  odometer_top_odometer_meas_detect_inst odometer_meas_detect                 83    110.250     0.000      110.250     ForQA (S) 
  rosc_ref_ROSC_NOR                      ROSC103_SEL_NOR_HVT_REF             103     64.512     0.000       64.512     ForQA (S) 
  rosc_ref_ROSC_NAND                     ROSC103_SEL_NAND_HVT_REF            103     64.512     0.000       64.512     ForQA (S) 
  rosc_stress_ROSC_NOR                   ROSC101_SEL_NOR_HVT_STRESS          101     63.252     0.000       63.252     ForQA (S) 
  rosc_stress_ROSC_NAND                  ROSC101_SEL_NAND_HVT_STRESS         101     63.252     0.000       63.252     ForQA (S) 
  rosc_ref_ROSC_INV                      ROSC103_SEL_INV_HVT_REF             102     38.556     0.000       38.556     ForQA (S) 
  rosc_stress_ROSC_INV                   ROSC101_SEL_INV_HVT_STRESS          100     37.800     0.000       37.800     ForQA (S) 
  rosc_stress_rosc_control_pwr_inv       pwr_controller                        6      5.544     0.000        5.544     ForQA (S) 
  rosc_stress_rosc_control_pwr_NOR       pwr_controller                        6      5.544     0.000        5.544     ForQA (S) 
  rosc_stress_rosc_control_pwr_NAND      pwr_controller                        6      5.544     0.000        5.544     ForQA (S) 
  rosc_ref_rosc_control_pwr_inv          pwr_controller                        6      5.544     0.000        5.544     ForQA (S) 
  rosc_ref_rosc_control_pwr_NOR          pwr_controller                        6      5.544     0.000        5.544     ForQA (S) 
  rosc_ref_rosc_control_pwr_NAND         pwr_controller                        6      5.544     0.000        5.544     ForQA (S) 

 (S) = wireload was automatically selected
