============================================================
  Generated by:           Genus(TM) Synthesis Solution 19.15-s090_1
  Generated on:           Nov 07 2023  07:17:10 pm
  Module:                 odometer_full_hvt
  Operating conditions:   tt0p9v1p8v25c (balanced_tree)
  Wireload mode:          segmented
  Area mode:              timing library
============================================================


Path 1: MET (41 ps) Setup Check with Pin odometer_top_parallel_latch_inst_PARALLEL_OUT_reg[11]/CPN->D
          Group: DETECT
     Startpoint: (F) odometer_top_odometer_meas_detect_inst/BF_COUNTER_reg[11]/CPN
          Clock: (F) OUT_NOR_ref
       Endpoint: (R) odometer_top_parallel_latch_inst_PARALLEL_OUT_reg[11]/D
          Clock: (F) DETECT

                     Capture       Launch     
        Clock Edge:+     500          400     
       Src Latency:+       0            0     
       Net Latency:+       0 (I)        0 (I) 
           Arrival:=     500          400     
                                              
             Setup:-       5                  
     Required Time:=     495                  
      Launch Clock:-     400                  
         Data Path:-      54                  
             Slack:=      41                  

#-----------------------------------------------------------------------------------------------------------------------------------------------
#                         Timing Point                          Flags    Arc   Edge       Cell         Fanout Load Trans Delay Arrival Instance 
#                                                                                                             (fF)  (ps)  (ps)   (ps)  Location 
#-----------------------------------------------------------------------------------------------------------------------------------------------
  odometer_top_odometer_meas_detect_inst/BF_COUNTER_reg[11]/CPN -       -      F     (arrival)             16    -     0     0     400    (-,-) 
  odometer_top_odometer_meas_detect_inst/BF_COUNTER_reg[11]/Q   -       CPN->Q R     DFNCSND1BWP30P140      3  1.6    13    54     454    (-,-) 
  odometer_top_parallel_latch_inst_PARALLEL_OUT_reg[11]/D       <<<     -      R     DFNCSND1BWP30P140      3    -     -     0     454    (-,-) 
#-----------------------------------------------------------------------------------------------------------------------------------------------

