ucliGUI::start /project/chriskim01/chipfab/rare23/Genus/fullchip/core/odometer_normal_rvt/simv -ucligui 
set ucliGUI::state
set ucliGUI::state
ucliCore::getToolPID
synopsys::env hasTB
trigger_hier_stack_context_switch 0
synUtils::setDVEInitPhase 1
synopsys::dump -type VPD -file /project/chriskim01/chipfab/rare23/Genus/fullchip/core/odometer_normal_rvt/inter.vpd -locking
synopsys::dump -autoflush on -fid VPD3
set ::dve_fid VPD3
synUtils::setDVEInitPhase 0
ucliCore::getToolPID
synUtils::sendTool -active _icl_setToolSocket /tmp/smlnpl0Jspm
synUtils::sendTool -active {_icl_start_rpc -version "N-2017.12-1" -sync_file /tmp/vcs_dve_rpc.chipfab.191541}
synUtils::sendTool -active {_icl_createSharedMemory /tmp/vcs_dve_general.chipfab.191541}
config endofsim noexit
config onfail enable all
config syscaddplainmembers
config syscaddsourcenames
config syscaddstructtypes
synopsys::listing -disable
# Begin_DVE_Session_Save_Info
# DVE restart session
# Saved on Thu Nov 2 23:09:53 2023
# Designs open: 1
#   Sim: /project/chriskim01/chipfab/rare23/Genus/fullchip/core/odometer_normal_rvt/simv
# Toplevel windows open: 2
# 	TopLevel.1
# 	TopLevel.2
#   Source.1: testbench
#   Wave.1: 41 signals
#   Group count = 1
#   Group Group1 signal count = 41
# End_DVE_Session_Save_Info
# DVE version: N-2017.12-1
# DVE build date: Jan 18 2018 21:27:20
#<Session mode="Restart" path=".restartSimSession.tcl" type="Debug">
# Application preferences
#<WindowLayout>
# DVE top-level session
# Create and position top-level window: TopLevel.1
set TopLevel.1 TopLevel.1
# Docked window settings
set HSPane.1 HSPane.1
set Hier.1 Hier.1
set DLPane.1 DLPane.1
set Data.1 Data.1
set Console.1 Console.1
# MDI window settings
set Source.1 Source.1
# End MDI window settings
# Create and position top-level window: TopLevel.2
set TopLevel.2 TopLevel.2
# Docked window settings
# MDI window settings
set Wave.1 Wave.1
# End MDI window settings
#</WindowLayout>
#<Database>
#</Database>
# DVE Global setting session:
# Global: Breakpoints
# Global: Bus
# Global: Expressions
# Global: Signal Time Shift
# Global: Signal Compare
# Global: Signal Groups
synopsys::dump -add {testbench.DUT1.rosc_ref} -scope "." -depth 1 -fid VPD3
synopsys::dump -add {testbench.DUT1} -scope "." -depth 1 -fid VPD3
set _session_group_3 Group1
set Group1 "$_session_group_3"
# Global: Highlighting
# Global: Stack
# Post database loading setting...
# Save global setting...
# Wave/List view global setting
# Close all empty TopLevel windows
foreach __top [gui_ekki_get_window_ids -type TopLevel] {     if { [llength [gui_ekki_get_window_ids -parent $__top]] == 0} {         gui_close_window -window $__top     } }
# DVE View/pane content session:
# Hier 'Hier.1'
catch {gui_list_expand -id ${Hier.1} testbench}
catch {gui_list_expand -id ${Hier.1} testbench.DUT1}
catch {gui_list_expand -id ${Hier.1} testbench.DUT1.odometer_top}
catch {gui_list_select -id ${Hier.1} {testbench.DUT1.odometer_top.odometer_meas_detect_inst}}
# Data 'Data.1'
catch { gui_list_select -id ${Data.1} {testbench.DUT1.odometer_top.odometer_meas_detect_inst.DEADZONE_ESCAPE_COUNTER }}
# Source 'Source.1'
ucliGUI::getSignalValues -scope testbench -radix {hexadecimal hexadecimal binary binary binary binary binary binary binary binary } -list {{VCO_DIV_SEL_r[1:0]} {VCO_DIV_SEL[1:0]} EN_VCO_r EN_VCO CLK_KILL_r CLK_KILL START_r START AC_DC_r AC_DC }
# View 'Wave.1'
set groupExD [gui_get_pref_value -category Wave -key exclusiveSG]
set origWaveHeight [gui_get_pref_value -category Wave -key waveRowHeight]
set origGroupCreationState [gui_list_create_group_when_add -wave]
synopsys::dump -add {testbench.DUT1.odometer_top.DETECT testbench.DUT1.odometer_top.MEAS_DONE testbench.DUT1.odometer_top.PC_OUT testbench.DUT1.odometer_top.odometer_meas_detect_inst.DEADZONE_ESCAPE_COUNTER testbench.DUT1.rosc_stress.IN_INV testbench.DUT1.rosc_stress.IN_NAND testbench.DUT1.rosc_stress.IN_NOR testbench.DUT1.rosc_stress.MOD_VDD_INV testbench.DUT1.rosc_stress.MOD_VDD_NAND testbench.DUT1.rosc_stress.MOD_VDD_NOR testbench.DUT1.rosc_stress.OUT_INV testbench.DUT1.rosc_stress.OUT_NAND testbench.DUT1.rosc_stress.OUT_NOR } -aggregates  -fid VPD3
if {$origGroupCreationState} { 	gui_list_create_group_when_add -wave -enable }
if { $groupExD } {  gui_msg_report -code DVWW028 }
# Restore toplevel window zorder
# The toplevel window could be closed if it has no view/pane
if {[gui_exist_window -window ${TopLevel.1}]} { 	gui_set_active_window -window ${TopLevel.1} 	gui_set_active_window -window ${Source.1} 	gui_set_active_window -window ${DLPane.1} }
if {[gui_exist_window -window ${TopLevel.2}]} { 	gui_set_active_window -window ${TopLevel.2} 	gui_set_active_window -window ${Wave.1} }
#</Session>
synopsys::run
set ucliGUI::state
set ucliGUI::state
set ucliGUI::state
set ucliGUI::state
ucliGUI::getSignalValues -scope testbench -radix {hexadecimal hexadecimal binary binary binary binary binary binary binary binary } -list {{VCO_DIV_SEL_r[1:0]} {VCO_DIV_SEL[1:0]} EN_VCO_r EN_VCO CLK_KILL_r CLK_KILL START_r START AC_DC_r AC_DC }
ucliGUI::vpdAddHierarchy -scope testbench -depth 2 -file /project/chriskim01/chipfab/rare23/Genus/fullchip/core/odometer_normal_rvt/inter.vpd; synopsys::dump -flush VPD3
if [catch {gui_sim_terminate}] {gui_sim_terminate -kill}
synopsys::finish
set ucliGUI::state
set ucliGUI::state
ucli_exit
