23:09:54    426 --> ...      [tcl] ucliGUI::start /project/chriskim01/chipfab/rare23/Genus/fullchip/core/odometer_normal_rvt/simv -ucligui 
23:09:54    427 --> ...          [tcl] set ucliGUI::state
23:09:54    428 --> ...              [tcl] gui_update_simulator_buttons
23:09:55    429 --> ...                  [tcl] set ucliGUI::state
23:09:55    430 --> ...                      [tcl] ucliCore::getToolPID
23:09:55    431 --> ...                          [tcl] synopsys::env hasTB
23:09:55    432 --> ...                              [tcl] trigger_hier_stack_context_switch 0
23:09:55    433 --> ...                                  [tcl] synUtils::setDVEInitPhase 1
23:09:55    434 --> ...                                      [tcl] gui_get_env SIMSETUP::SIMVPD
23:09:55    435 --> ...                                          [tcl] synopsys::dump -type VPD -file /project/chriskim01/chipfab/rare23/Genus/fullchip/core/odometer_normal_rvt/inter.vpd -locking
23:09:55    436 --> ...                                              [tcl] synopsys::dump -autoflush on -fid VPD3
23:09:55    437 --> ...                                                  [tcl] set ::dve_fid VPD3
23:09:55    438 --> ...                                                      [tcl] synUtils::setDVEInitPhase 0
23:09:55    439 --> ...                                                          [tcl] ucliCore::getToolPID
23:09:55    440 --> ...                                                              [tcl] synUtils::sendTool -active _icl_setToolSocket /tmp/smlnpl0Jspm
23:09:55    441 --> ...                                                                  [tcl] synUtils::sendTool -active {_icl_start_rpc -version "N-2017.12-1" -sync_file /tmp/vcs_dve_rpc.chipfab.191541}
23:09:55    442 --> ...                                                                      [tcl] synUtils::sendTool -active {_icl_createSharedMemory /tmp/vcs_dve_general.chipfab.191541}
23:09:55    443 --> ...                                                                          [tcl] config endofsim noexit
23:09:55    444 --> ...                                                                              [tcl] config onfail enable all
23:09:55    445 --> ...                                                                                  [tcl] config syscaddplainmembers
23:09:55    446 --> ...                                                                                      [tcl] config syscaddsourcenames
23:09:55    447 --> ...                                                                                          [tcl] config syscaddstructtypes
23:09:55    448 --> ...                                                                                              [tcl] synopsys::listing -disable
23:09:55    449 --> ...                                                                                                  [tcl] # Begin_DVE_Session_Save_Info
23:09:55    450 --> ...  [tcl] # DVE restart session
23:09:55    451 --> ...      [tcl] # Saved on Thu Nov 2 23:09:53 2023
23:09:55    452 --> ...          [tcl] # Designs open: 1
23:09:55    453 --> ...              [tcl] #   Sim: /project/chriskim01/chipfab/rare23/Genus/fullchip/core/odometer_normal_rvt/simv
23:09:55    454 --> ...                  [tcl] # Toplevel windows open: 2
23:09:55    455 --> ...                      [tcl] # 	TopLevel.1
23:09:55    456 --> ...                          [tcl] # 	TopLevel.2
23:09:55    457 --> ...                              [tcl] #   Source.1: testbench
23:09:55    458 --> ...                                  [tcl] #   Wave.1: 41 signals
23:09:55    459 --> ...                                      [tcl] #   Group count = 1
23:09:55    460 --> ...                                          [tcl] #   Group Group1 signal count = 41
23:09:55    461 --> ...                                              [tcl] # End_DVE_Session_Save_Info
23:09:55    462 --> ...                                                  [tcl] # DVE version: N-2017.12-1
23:09:55    463 --> ...                                                      [tcl] # DVE build date: Jan 18 2018 21:27:20
23:09:55    464 --> ...                                                          [tcl] #<Session mode="Restart" path=".restartSimSession.tcl" type="Debug">
23:09:55    465 --> ...                                                              [tcl] gui_set_loading_session_type Restart
23:09:55    466 --> ...                                                                  [tcl] gui_continuetime_set
23:09:55    467 --> ...                                                                      [tcl] gui_clear_window -type Wave
23:09:55    468 --> ...                                                                          [tcl] gui_clear_window -type List
23:09:55    469 --> ...                                                                              [tcl] # Application preferences
23:09:55    470 --> ...                                                                                  [tcl] gui_set_pref_value -key app_default_font -value {Helvetica,10,-1,5,50,0,0,0,0,0}
23:09:55    471 --> ...                                                                                      [tcl] gui_src_preferences -tabstop 8 -maxbits 24 -windownumber 1
23:09:55    472 --> ...                                                                                          [tcl] #<WindowLayout>
23:09:55    473 --> ...                                                                                              [tcl] # DVE top-level session
23:09:55    474 --> ...                                                                                                  [tcl] # Create and position top-level window: TopLevel.1
23:09:55    475 --> ...  [tcl] set TopLevel.1 TopLevel.1
23:09:55    476 --> ...      [tcl] # Docked window settings
23:09:55    477 --> ...          [tcl] set HSPane.1 HSPane.1
23:09:55    478 --> ...              [tcl] set Hier.1 Hier.1
23:09:55    479 --> ...                  [tcl] set DLPane.1 DLPane.1
23:09:55    480 --> ...                      [tcl] set Data.1 Data.1
23:09:55    481 --> ...                          [tcl] set Console.1 Console.1
23:09:55    482 --> ...                              [tcl] gui_sync_global -id ${TopLevel.1} -option true
23:09:55    483 --> ...                                  [tcl] # MDI window settings
23:09:55    484 --> ...                                      [tcl] set Source.1 Source.1
23:09:55    485 --> ...                                          [tcl] gui_update_layout -id ${Source.1} {{show_state maximized} {dock_state undocked} {dock_on_new_line false}}
23:09:55    486 --> ...                                              [tcl] # End MDI window settings
23:09:55    487 --> ...                                                  [tcl] # Create and position top-level window: TopLevel.2
23:09:55    488 --> ...                                                      [tcl] set TopLevel.2 TopLevel.2
23:09:55    489 --> ...                                                          [tcl] # Docked window settings
23:09:55    490 --> ...                                                              [tcl] gui_sync_global -id ${TopLevel.2} -option true
23:09:55    491 --> ...                                                                  [tcl] # MDI window settings
23:09:55    492 --> ...                                                                      [tcl] set Wave.1 Wave.1
23:09:55    493 --> ...                                                                          [tcl] gui_update_layout -id ${Wave.1} {{show_state maximized} {dock_state undocked} {dock_on_new_line false} {child_wave_left 395} {child_wave_right 570} {child_wave_colname 226} {child_wave_colvalue 165} {child_wave_col1 0} {child_wave_col2 1}}
23:09:55    494 --> ...                                                                              [tcl] # End MDI window settings
23:09:55    495 --> ...                                                                                  [tcl] #</WindowLayout>
23:09:55    496 --> ...                                                                                      [tcl] #<Database>
23:09:55    497 --> ...                                                                                          [tcl] gui_set_precision 1ps
23:09:55    498 --> ...                                                                                              [tcl] gui_set_time_units 1ps
23:09:55    499 --> ...                                                                                                  [tcl] #</Database>
23:09:55    500 --> ...  [tcl] # DVE Global setting session:
23:09:55    501 --> ...      [tcl] # Global: Breakpoints
23:09:55    502 --> ...          [tcl] # Global: Bus
23:09:55    503 --> ...              [tcl] # Global: Expressions
23:09:55    504 --> ...                  [tcl] # Global: Signal Time Shift
23:09:55    505 --> ...                      [tcl] # Global: Signal Compare
23:09:55    506 --> ...                          [tcl] # Global: Signal Groups
23:09:55    507 --> ...                              [tcl] gui_load_child_values {testbench.DUT1.rosc_ref}
23:09:55    508 --> ...                                  [tcl] synopsys::dump -add {testbench.DUT1.rosc_ref} -scope "." -depth 1 -fid VPD3
23:09:55    509 --> ...                                      [tcl] gui_load_child_values {testbench.DUT1}
23:09:55    510 --> ...                                          [tcl] synopsys::dump -add {testbench.DUT1} -scope "." -depth 1 -fid VPD3
23:09:55    511 --> ...                                              [tcl] set _session_group_3 Group1
23:09:55    512 --> ...                                                  [tcl] gui_sg_create "$_session_group_3"
23:09:55    513 --> ...                                                      [tcl] set Group1 "$_session_group_3"
23:09:55    514 --> ...                                                          [tcl] gui_sg_addsignal -group "$_session_group_3" { testbench.DUT1.AC_STRESS_CLK testbench.DUT1.RESETB testbench.DUT1.LOAD testbench.DUT1.MEAS_TRIG testbench.DUT1.SEL_INV testbench.DUT1.SEL_NAND testbench.DUT1.SEL_NOR testbench.DUT1.START testbench.DUT1.AC_DC testbench.DUT1.BF_COUNT testbench.DUT1.MEAS_STRESS testbench.DUT1.EN_ROSC testbench.DUT1.ROSC_STRESS_OUT testbench.DUT1.ROSC_REF_OUT testbench.DUT1.SEL_INV_LATCHED testbench.DUT1.SEL_NAND_LATCHED testbench.DUT1.SEL_NOR_LATCHED testbench.DUT1.START_LATCHED testbench.DUT1.AC_DC_LATCHED testbench.DUT1.odometer_top.MEAS_DONE testbench.DUT1.odometer_top.DETECT testbench.DUT1.odometer_top.PC_OUT testbench.DUT1.rosc_ref.IN_INV testbench.DUT1.rosc_ref.IN_NAND testbench.DUT1.rosc_ref.IN_NOR testbench.DUT1.rosc_ref.MOD_VDD_INV testbench.DUT1.rosc_ref.MOD_VDD_NAND testbench.DUT1.rosc_ref.MOD_VDD_NOR testbench.DUT1.rosc_ref.OUT_INV testbench.DUT1.rosc_ref.OUT_NAND testbench.DUT1.rosc_ref.OUT_NOR testbench.DUT1.rosc_stress.IN_INV testbench.DUT1.rosc_stress.IN_NAND testbench.DUT1.rosc_stress.IN_NOR testbench.DUT1.rosc_stress.MOD_VDD_INV testbench.DUT1.rosc_stress.MOD_VDD_NAND testbench.DUT1.rosc_stress.MOD_VDD_NOR testbench.DUT1.rosc_stress.OUT_INV testbench.DUT1.rosc_stress.OUT_NAND testbench.DUT1.rosc_stress.OUT_NOR testbench.DUT1.odometer_top.odometer_meas_detect_inst.DEADZONE_ESCAPE_COUNTER }
23:09:55    515 --> ...                                                              [tcl] # Global: Highlighting
23:09:55    516 --> ...                                                                  [tcl] # Global: Stack
23:09:55    517 --> ...                                                                      [tcl] gui_change_stack_mode -mode list
23:09:55    518 --> ...                                                                          [tcl] # Post database loading setting...
23:09:55    519 --> ...                                                                              [tcl] # Save global setting...
23:09:55    520 --> ...                                                                                  [tcl] # Wave/List view global setting
23:09:55    521 --> ...                                                                                      [tcl] gui_cov_show_value -switch false
23:09:55    522 --> ...                                                                                          [tcl] # Close all empty TopLevel windows
23:09:55    523 --> ...                                                                                              [tcl] foreach __top [gui_ekki_get_window_ids -type TopLevel] {     if { [llength [gui_ekki_get_window_ids -parent $__top]] == 0} {         gui_close_window -window $__top     } }
23:09:55    524 --> ...                                                                                                  [tcl] gui_set_loading_session_type noSession
23:09:55    525 --> ...  [tcl] # DVE View/pane content session:
23:09:55    526 --> ...      [tcl] # Hier 'Hier.1'
23:09:55    527 --> ...          [tcl] gui_show_window -window ${Hier.1}
23:09:55    528 --> ...              [tcl] gui_list_set_filter -id ${Hier.1} -list { {Package 1} {All 0} {Process 1} {VirtPowSwitch 0} {UnnamedProcess 1} {UDP 0} {Function 1} {Block 1} {SrsnAndSpaCell 0} {OVA Unit 1} {LeafScCell 1} {LeafVlgCell 1} {Interface 1} {LeafVhdCell 1} {$unit 1} {NamedBlock 1} {Task 1} {VlgPackage 1} {ClassDef 1} {VirtIsoCell 0} }
23:09:55    529 --> ...                  [tcl] gui_list_set_filter -id ${Hier.1} -text {*}
23:09:55    530 --> ...                      [tcl] gui_change_design -id ${Hier.1} -design Sim
23:09:55    531 --> ...                          [tcl] catch {gui_list_expand -id ${Hier.1} testbench}
23:09:55    532 --> ...                              [tcl] catch {gui_list_expand -id ${Hier.1} testbench.DUT1}
23:09:55    533 --> ...                                  [tcl] catch {gui_list_expand -id ${Hier.1} testbench.DUT1.odometer_top}
23:09:55    534 --> ...                                      [tcl] catch {gui_list_select -id ${Hier.1} {testbench.DUT1.odometer_top.odometer_meas_detect_inst}}
23:09:55    535 --> ...                                          [tcl] dveMisc::vbusExpand testbench.DUT1.odometer_top.odometer_meas_detect_inst
23:09:55    536 --> ...                                              [tcl] gui_view_scroll -id ${Hier.1} -vertical -set 21764
23:09:55    537 --> ...                                                  [tcl] gui_view_scroll -id ${Hier.1} -horizontal -set 0
23:09:55    538 --> ...                                                      [tcl] # Data 'Data.1'
23:09:55    539 --> ...                                                          [tcl] gui_list_set_filter -id ${Data.1} -list { {Buffer 1} {Input 1} {Others 1} {Linkage 1} {Output 1} {LowPower 1} {Parameter 1} {All 1} {Aggregate 1} {LibBaseMember 1} {Event 1} {Assertion 1} {Constant 1} {Interface 1} {BaseMembers 1} {Signal 1} {$unit 1} {Inout 1} {Variable 1} }
23:09:55    540 --> ...                                                              [tcl] gui_list_set_filter -id ${Data.1} -text {*}
23:09:55    541 --> ...                                                                  [tcl] gui_list_show_data -id ${Data.1} {testbench.DUT1.odometer_top.odometer_meas_detect_inst}
23:09:56    542 --> ...                                                                      [tcl] gui_show_window -window ${Data.1}
23:09:56    543 --> ...                                                                          [tcl] catch { gui_list_select -id ${Data.1} {testbench.DUT1.odometer_top.odometer_meas_detect_inst.DEADZONE_ESCAPE_COUNTER }}
23:09:56    544 --> ...                                                                              [tcl] gui_view_scroll -id ${Data.1} -vertical -set 119
23:09:56    545 --> ...                                                                                  [tcl] gui_view_scroll -id ${Data.1} -horizontal -set 0
23:09:56    546 --> ...                                                                                      [tcl] gui_view_scroll -id ${Hier.1} -vertical -set 21764
23:09:56    547 --> ...                                                                                          [tcl] gui_view_scroll -id ${Hier.1} -horizontal -set 0
23:09:56    548 --> ...                                                                                              [tcl] # Source 'Source.1'
23:09:56    549 --> ...                                                                                                  [tcl] gui_src_value_annotate -id ${Source.1} -switch false
23:09:56    550 --> ...  [tcl] gui_set_env TOGGLE::VALUEANNOTATE 0
23:09:56    551 --> ...      [tcl] gui_open_source -id ${Source.1}  -replace -active testbench /project/chriskim01/chipfab/rare23/Genus/fullchip/core/odometer_normal_rvt/testbench.v
23:09:56    552 --> ...          [tcl] gui_src_value_annotate -id ${Source.1} -switch true
23:09:56    553 --> ...              [tcl] ucliGUI::getSignalValues -scope testbench -radix {hexadecimal hexadecimal binary binary binary binary binary binary binary binary } -list {{VCO_DIV_SEL_r[1:0]} {VCO_DIV_SEL[1:0]} EN_VCO_r EN_VCO CLK_KILL_r CLK_KILL START_r START AC_DC_r AC_DC }
23:09:56    554 --> ...                  [tcl] gui_set_env TOGGLE::VALUEANNOTATE 1
23:09:56    555 --> ...                      [tcl] gui_view_scroll -id ${Source.1} -vertical -set 54
23:09:56    556 --> ...                          [tcl] gui_src_set_reusable -id ${Source.1}
23:09:56    557 --> ...                              [tcl] # View 'Wave.1'
23:09:56    558 --> ...                                  [tcl] gui_wv_sync -id ${Wave.1} -switch false
23:09:56    559 --> ...                                      [tcl] set groupExD [gui_get_pref_value -category Wave -key exclusiveSG]
23:09:56    560 --> ...                                          [tcl] gui_set_pref_value -category Wave -key exclusiveSG -value {false}
23:09:56    561 --> ...                                              [tcl] set origWaveHeight [gui_get_pref_value -category Wave -key waveRowHeight]
23:09:56    562 --> ...                                                  [tcl] gui_list_set_height -id Wave -height 25
23:09:56    563 --> ...                                                      [tcl] set origGroupCreationState [gui_list_create_group_when_add -wave]
23:09:56    564 --> ...                                                          [tcl] gui_list_create_group_when_add -wave -disable
23:09:56    565 --> ...                                                              [tcl] gui_wv_zoom_timerange -id ${Wave.1} 0 151520000
23:09:56    566 --> ...                                                                  [tcl] gui_list_add_group -id ${Wave.1} -after {New Group} {Group1}
23:09:56    567 --> ...                                                                      [tcl] synopsys::dump -add {testbench.DUT1.odometer_top.DETECT testbench.DUT1.odometer_top.MEAS_DONE testbench.DUT1.odometer_top.PC_OUT testbench.DUT1.odometer_top.odometer_meas_detect_inst.DEADZONE_ESCAPE_COUNTER testbench.DUT1.rosc_stress.IN_INV testbench.DUT1.rosc_stress.IN_NAND testbench.DUT1.rosc_stress.IN_NOR testbench.DUT1.rosc_stress.MOD_VDD_INV testbench.DUT1.rosc_stress.MOD_VDD_NAND testbench.DUT1.rosc_stress.MOD_VDD_NOR testbench.DUT1.rosc_stress.OUT_INV testbench.DUT1.rosc_stress.OUT_NAND testbench.DUT1.rosc_stress.OUT_NOR } -aggregates  -fid VPD3
23:09:56    568 --> ...                                                                          [tcl] gui_seek_criteria -id ${Wave.1} {Any Edge}
23:09:56    569 --> ...                                                                              [tcl] gui_set_env TOGGLE::DEFAULT_WAVE_WINDOW ${Wave.1}
23:09:56    570 --> ...                                                                                  [tcl] gui_set_pref_value -category Wave -key exclusiveSG -value $groupExD
23:09:56    571 --> ...                                                                                      [tcl] gui_list_set_height -id Wave -height $origWaveHeight
23:09:56    572 --> ...                                                                                          [tcl] if {$origGroupCreationState} { 	gui_list_create_group_when_add -wave -enable }
23:09:56    573 --> ...                                                                                              [tcl] if { $groupExD } {  gui_msg_report -code DVWW028 }
23:09:56    574 --> ...                                                                                                  [tcl] gui_list_set_filter -id ${Wave.1} -list { {Buffer 1} {Input 1} {Others 1} {Linkage 1} {Output 1} {Parameter 1} {All 1} {Aggregate 1} {LibBaseMember 1} {Event 1} {Assertion 1} {Constant 1} {Interface 1} {BaseMembers 1} {Signal 1} {$unit 1} {Inout 1} {Variable 1} }
23:09:56    575 --> ...  [tcl] gui_list_set_filter -id ${Wave.1} -text {*}
23:09:56    576 --> ...      [tcl] gui_list_set_insertion_bar  -id ${Wave.1} -group Group1  -position in
23:09:56    577 --> ...          [tcl] gui_view_scroll -id ${Wave.1} -vertical -set 738
23:09:56    578 --> ...              [tcl] gui_show_grid -id ${Wave.1} -enable false
23:09:56    579 --> ...                  [tcl] # Restore toplevel window zorder
23:09:56    580 --> ...                      [tcl] # The toplevel window could be closed if it has no view/pane
23:09:56    581 --> ...                          [tcl] if {[gui_exist_window -window ${TopLevel.1}]} { 	gui_set_active_window -window ${TopLevel.1} 	gui_set_active_window -window ${Source.1} 	gui_set_active_window -window ${DLPane.1} }
23:09:56    582 --> ...                              [tcl] if {[gui_exist_window -window ${TopLevel.2}]} { 	gui_set_active_window -window ${TopLevel.2} 	gui_set_active_window -window ${Wave.1} }
23:09:56    583 --> ...                                  [tcl] #</Session>
23:09:57    584 --> ...                                      [tcl] synopsys::run
23:09:57    585 --> ...                                          [tcl] set ucliGUI::state
23:09:57    586 --> ...                                              [tcl] gui_update_simulator_buttons
23:09:57    587 --> ...                                                  [tcl] set ucliGUI::state
23:09:57    588 --> ...                                                      [tcl] gui_update_simulator_buttons
23:09:57    589 --> ...                                                          [tcl] set ucliGUI::state
23:09:57    590 --> ...                                                              [tcl] set ucliGUI::state
23:09:57    591 --> ...                                                                  [tcl] catch {senv activeDomain} dveMisc::result 
23:09:57    592 --> ...                                                                      [tcl] set dveMisc::result
23:09:57    593 --> ...                                                                          [tcl] gui_update_simulator_buttons
23:09:57    594 --> ...                                                                              [tcl] dveMisc::vbusExpand testbench
23:09:57    595 --> ...                                                                                  [tcl] ucliGUI::getSignalValues -scope testbench -radix {hexadecimal hexadecimal binary binary binary binary binary binary binary binary } -list {{VCO_DIV_SEL_r[1:0]} {VCO_DIV_SEL[1:0]} EN_VCO_r EN_VCO CLK_KILL_r CLK_KILL START_r START AC_DC_r AC_DC }
23:09:58    596 --> ...                                                                                      [tcl] ucliGUI::vpdAddHierarchy -scope testbench -depth 2 -file /project/chriskim01/chipfab/rare23/Genus/fullchip/core/odometer_normal_rvt/inter.vpd; synopsys::dump -flush VPD3
22:34:04    597 --> ...                                                                                          [tcl] if [catch {gui_sim_terminate}] {gui_sim_terminate -kill}
22:34:04    598 --> ...                                                                                              [tcl] synopsys::finish
22:34:04    599 --> ...                                                                                                  [tcl] set ucliGUI::state
22:34:04    600 --> ...  [tcl] gui_update_simulator_buttons
22:34:04    601 --> ...      [tcl] set ucliGUI::state
22:34:04    602 --> ...          [tcl] catch {senv activeDomain} dveMisc::result 
22:34:04    603 --> ...              [tcl] set dveMisc::result
22:34:04    604 --> ...                  [tcl] gui_update_simulator_buttons
22:34:04    605 --> ...                      [tcl] catch {senv activeDomain} dveMisc::result 
22:34:04    606 --> ...                          [tcl] set dveMisc::result
22:34:04    607 --> ...                              [tcl] ucli_exit
